{"/mnt/data/github_backup/Mobile-Application/Coffee_Project/frontend/src/__tests__/lib/firebase.mock.ts": {"path":"/mnt/data/github_backup/Mobile-Application/Coffee_Project/frontend/src/__tests__/lib/firebase.mock.ts","statementMap":{"0":{"start":{"line":6,"column":23},"end":{"line":24,"column":1}},"1":{"start":{"line":8,"column":16},"end":{"line":8,"column":20}},"2":{"start":{"line":9,"column":15},"end":{"line":23,"column":3}},"3":{"start":{"line":26,"column":30},"end":{"line":40,"column":1}},"4":{"start":{"line":28,"column":16},"end":{"line":28,"column":20}},"5":{"start":{"line":29,"column":15},"end":{"line":39,"column":3}},"6":{"start":{"line":42,"column":28},"end":{"line":46,"column":1}},"7":{"start":{"line":44,"column":16},"end":{"line":44,"column":21}},"8":{"start":{"line":45,"column":14},"end":{"line":45,"column":18}},"9":{"start":{"line":48,"column":33},"end":{"line":52,"column":2}},"10":{"start":{"line":48,"column":51},"end":{"line":52,"column":1}},"11":{"start":{"line":55,"column":27},"end":{"line":55,"column":36}},"12":{"start":{"line":56,"column":26},"end":{"line":56,"column":35}},"13":{"start":{"line":57,"column":26},"end":{"line":57,"column":35}},"14":{"start":{"line":58,"column":29},"end":{"line":58,"column":38}},"15":{"start":{"line":59,"column":29},"end":{"line":59,"column":38}},"16":{"start":{"line":61,"column":0},"end":{"line":78,"column":4}},"17":{"start":{"line":61,"column":39},"end":{"line":78,"column":1}},"18":{"start":{"line":62,"column":28},"end":{"line":62,"column":45}},"19":{"start":{"line":63,"column":21},"end":{"line":63,"column":35}},"20":{"start":{"line":64,"column":31},"end":{"line":64,"column":51}},"21":{"start":{"line":65,"column":30},"end":{"line":65,"column":49}},"22":{"start":{"line":66,"column":30},"end":{"line":66,"column":49}},"23":{"start":{"line":67,"column":33},"end":{"line":67,"column":55}},"24":{"start":{"line":68,"column":33},"end":{"line":68,"column":55}},"25":{"start":{"line":69,"column":37},"end":{"line":69,"column":41}},"26":{"start":{"line":70,"column":38},"end":{"line":70,"column":61}},"27":{"start":{"line":71,"column":40},"end":{"line":71,"column":65}},"28":{"start":{"line":72,"column":33},"end":{"line":72,"column":51}},"29":{"start":{"line":77,"column":30},"end":{"line":77,"column":39}},"30":{"start":{"line":80,"column":0},"end":{"line":84,"column":4}},"31":{"start":{"line":80,"column":33},"end":{"line":84,"column":1}},"32":{"start":{"line":81,"column":31},"end":{"line":81,"column":41}},"33":{"start":{"line":82,"column":25},"end":{"line":82,"column":27}},"34":{"start":{"line":83,"column":24},"end":{"line":83,"column":34}},"35":{"start":{"line":86,"column":0},"end":{"line":99,"column":4}},"36":{"start":{"line":86,"column":34},"end":{"line":99,"column":1}},"37":{"start":{"line":87,"column":25},"end":{"line":87,"column":36}}},"fnMap":{"0":{"name":"(anonymous_0)","decl":{"start":{"line":8,"column":10},"end":{"line":8,"column":11}},"loc":{"start":{"line":8,"column":16},"end":{"line":8,"column":20}},"line":8},"1":{"name":"(anonymous_1)","decl":{"start":{"line":9,"column":8},"end":{"line":9,"column":9}},"loc":{"start":{"line":9,"column":15},"end":{"line":23,"column":3}},"line":9},"2":{"name":"(anonymous_2)","decl":{"start":{"line":28,"column":10},"end":{"line":28,"column":11}},"loc":{"start":{"line":28,"column":16},"end":{"line":28,"column":20}},"line":28},"3":{"name":"(anonymous_3)","decl":{"start":{"line":29,"column":8},"end":{"line":29,"column":9}},"loc":{"start":{"line":29,"column":15},"end":{"line":39,"column":3}},"line":29},"4":{"name":"(anonymous_4)","decl":{"start":{"line":44,"column":10},"end":{"line":44,"column":11}},"loc":{"start":{"line":44,"column":16},"end":{"line":44,"column":21}},"line":44},"5":{"name":"(anonymous_5)","decl":{"start":{"line":45,"column":8},"end":{"line":45,"column":9}},"loc":{"start":{"line":45,"column":14},"end":{"line":45,"column":18}},"line":45},"6":{"name":"(anonymous_6)","decl":{"start":{"line":48,"column":33},"end":{"line":48,"column":34}},"loc":{"start":{"line":48,"column":51},"end":{"line":52,"column":1}},"line":48},"7":{"name":"(anonymous_7)","decl":{"start":{"line":61,"column":32},"end":{"line":61,"column":33}},"loc":{"start":{"line":61,"column":39},"end":{"line":78,"column":1}},"line":61},"8":{"name":"(anonymous_8)","decl":{"start":{"line":62,"column":22},"end":{"line":62,"column":23}},"loc":{"start":{"line":62,"column":28},"end":{"line":62,"column":45}},"line":62},"9":{"name":"(anonymous_9)","decl":{"start":{"line":63,"column":15},"end":{"line":63,"column":16}},"loc":{"start":{"line":63,"column":21},"end":{"line":63,"column":35}},"line":63},"10":{"name":"(anonymous_10)","decl":{"start":{"line":64,"column":11},"end":{"line":64,"column":12}},"loc":{"start":{"line":64,"column":31},"end":{"line":64,"column":51}},"line":64},"11":{"name":"(anonymous_11)","decl":{"start":{"line":65,"column":10},"end":{"line":65,"column":11}},"loc":{"start":{"line":65,"column":30},"end":{"line":65,"column":49}},"line":65},"12":{"name":"(anonymous_12)","decl":{"start":{"line":66,"column":10},"end":{"line":66,"column":11}},"loc":{"start":{"line":66,"column":30},"end":{"line":66,"column":49}},"line":66},"13":{"name":"(anonymous_13)","decl":{"start":{"line":67,"column":13},"end":{"line":67,"column":14}},"loc":{"start":{"line":67,"column":33},"end":{"line":67,"column":55}},"line":67},"14":{"name":"(anonymous_14)","decl":{"start":{"line":68,"column":13},"end":{"line":68,"column":14}},"loc":{"start":{"line":68,"column":33},"end":{"line":68,"column":55}},"line":68},"15":{"name":"(anonymous_15)","decl":{"start":{"line":69,"column":17},"end":{"line":69,"column":18}},"loc":{"start":{"line":69,"column":37},"end":{"line":69,"column":41}},"line":69},"16":{"name":"(anonymous_16)","decl":{"start":{"line":70,"column":17},"end":{"line":70,"column":18}},"loc":{"start":{"line":70,"column":38},"end":{"line":70,"column":61}},"line":70},"17":{"name":"(anonymous_17)","decl":{"start":{"line":71,"column":19},"end":{"line":71,"column":20}},"loc":{"start":{"line":71,"column":40},"end":{"line":71,"column":65}},"line":71},"18":{"name":"(anonymous_18)","decl":{"start":{"line":72,"column":27},"end":{"line":72,"column":28}},"loc":{"start":{"line":72,"column":33},"end":{"line":72,"column":51}},"line":72},"19":{"name":"(anonymous_19)","decl":{"start":{"line":77,"column":24},"end":{"line":77,"column":25}},"loc":{"start":{"line":77,"column":30},"end":{"line":77,"column":39}},"line":77},"20":{"name":"(anonymous_20)","decl":{"start":{"line":80,"column":26},"end":{"line":80,"column":27}},"loc":{"start":{"line":80,"column":33},"end":{"line":84,"column":1}},"line":80},"21":{"name":"(anonymous_21)","decl":{"start":{"line":81,"column":25},"end":{"line":81,"column":26}},"loc":{"start":{"line":81,"column":31},"end":{"line":81,"column":41}},"line":81},"22":{"name":"(anonymous_22)","decl":{"start":{"line":82,"column":19},"end":{"line":82,"column":20}},"loc":{"start":{"line":82,"column":25},"end":{"line":82,"column":27}},"line":82},"23":{"name":"(anonymous_23)","decl":{"start":{"line":83,"column":18},"end":{"line":83,"column":19}},"loc":{"start":{"line":83,"column":24},"end":{"line":83,"column":34}},"line":83},"24":{"name":"(anonymous_24)","decl":{"start":{"line":86,"column":27},"end":{"line":86,"column":28}},"loc":{"start":{"line":86,"column":34},"end":{"line":99,"column":1}},"line":86},"25":{"name":"(anonymous_25)","decl":{"start":{"line":87,"column":19},"end":{"line":87,"column":20}},"loc":{"start":{"line":87,"column":25},"end":{"line":87,"column":36}},"line":87}},"branchMap":{},"s":{"0":4,"1":3,"2":4,"3":4,"4":2,"5":4,"6":4,"7":4,"8":2,"9":4,"10":10,"11":4,"12":4,"13":4,"14":4,"15":4,"16":4,"17":4,"18":8,"19":30,"20":21,"21":32,"22":25,"23":12,"24":6,"25":21,"26":21,"27":16,"28":25,"29":4,"30":4,"31":4,"32":4,"33":4,"34":0,"35":4,"36":4,"37":4},"f":{"0":3,"1":4,"2":2,"3":4,"4":4,"5":2,"6":10,"7":4,"8":8,"9":30,"10":21,"11":32,"12":25,"13":12,"14":6,"15":21,"16":21,"17":16,"18":25,"19":4,"20":4,"21":4,"22":4,"23":0,"24":4,"25":4},"b":{},"_coverageSchema":"1a1c01bbd47fc00a2c39e90264f33305004495a9","hash":"e01c8f8a85d9d4c3594ae5d04b7adabcc276c20b"}
,"/mnt/data/github_backup/Mobile-Application/Coffee_Project/frontend/src/components/Button.tsx": {"path":"/mnt/data/github_backup/Mobile-Application/Coffee_Project/frontend/src/components/Button.tsx","statementMap":{"0":{"start":{"line":29,"column":45},"end":{"line":77,"column":1}},"1":{"start":{"line":41,"column":23},"end":{"line":48,"column":3}},"2":{"start":{"line":50,"column":22},"end":{"line":56,"column":3}},"3":{"start":{"line":58,"column":2},"end":{"line":76,"column":4}},"4":{"start":{"line":79,"column":15},"end":{"line":160,"column":2}}},"fnMap":{"0":{"name":"(anonymous_0)","decl":{"start":{"line":29,"column":45},"end":{"line":29,"column":46}},"loc":{"start":{"line":40,"column":6},"end":{"line":77,"column":1}},"line":40}},"branchMap":{"0":{"loc":{"start":{"line":32,"column":2},"end":{"line":32,"column":21}},"type":"default-arg","locations":[{"start":{"line":32,"column":12},"end":{"line":32,"column":21}}],"line":32},"1":{"loc":{"start":{"line":33,"column":2},"end":{"line":33,"column":13}},"type":"default-arg","locations":[{"start":{"line":33,"column":9},"end":{"line":33,"column":13}}],"line":33},"2":{"loc":{"start":{"line":34,"column":2},"end":{"line":34,"column":17}},"type":"default-arg","locations":[{"start":{"line":34,"column":12},"end":{"line":34,"column":17}}],"line":34},"3":{"loc":{"start":{"line":35,"column":2},"end":{"line":35,"column":18}},"type":"default-arg","locations":[{"start":{"line":35,"column":13},"end":{"line":35,"column":18}}],"line":35},"4":{"loc":{"start":{"line":39,"column":2},"end":{"line":39,"column":18}},"type":"default-arg","locations":[{"start":{"line":39,"column":14},"end":{"line":39,"column":18}}],"line":39},"5":{"loc":{"start":{"line":45,"column":4},"end":{"line":45,"column":33}},"type":"binary-expr","locations":[{"start":{"line":45,"column":4},"end":{"line":45,"column":13}},{"start":{"line":45,"column":17},"end":{"line":45,"column":33}}],"line":45},"6":{"loc":{"start":{"line":46,"column":4},"end":{"line":46,"column":31}},"type":"binary-expr","locations":[{"start":{"line":46,"column":4},"end":{"line":46,"column":12}},{"start":{"line":46,"column":16},"end":{"line":46,"column":31}}],"line":46},"7":{"loc":{"start":{"line":54,"column":4},"end":{"line":54,"column":36}},"type":"binary-expr","locations":[{"start":{"line":54,"column":4},"end":{"line":54,"column":12}},{"start":{"line":54,"column":16},"end":{"line":54,"column":36}}],"line":54},"8":{"loc":{"start":{"line":62,"column":16},"end":{"line":62,"column":35}},"type":"binary-expr","locations":[{"start":{"line":62,"column":16},"end":{"line":62,"column":24}},{"start":{"line":62,"column":28},"end":{"line":62,"column":35}}],"line":62},"9":{"loc":{"start":{"line":65,"column":7},"end":{"line":74,"column":7}},"type":"cond-expr","locations":[{"start":{"line":66,"column":8},"end":{"line":68,"column":10}},{"start":{"line":70,"column":8},"end":{"line":73,"column":11}}],"line":65},"10":{"loc":{"start":{"line":67,"column":17},"end":{"line":67,"column":93}},"type":"cond-expr","locations":[{"start":{"line":67,"column":64},"end":{"line":67,"column":78}},{"start":{"line":67,"column":81},"end":{"line":67,"column":93}}],"line":67},"11":{"loc":{"start":{"line":67,"column":17},"end":{"line":67,"column":61}},"type":"binary-expr","locations":[{"start":{"line":67,"column":17},"end":{"line":67,"column":38}},{"start":{"line":67,"column":42},"end":{"line":67,"column":61}}],"line":67}},"s":{"0":5,"1":0,"2":0,"3":0,"4":5},"f":{"0":0},"b":{"0":[0],"1":[0],"2":[0],"3":[0],"4":[0],"5":[0,0],"6":[0,0],"7":[0,0],"8":[0,0],"9":[0,0],"10":[0,0],"11":[0,0]},"_coverageSchema":"1a1c01bbd47fc00a2c39e90264f33305004495a9","hash":"763e59b59775c06380f9ba8caa213ba9021efd4f"}
,"/mnt/data/github_backup/Mobile-Application/Coffee_Project/frontend/src/components/Input.tsx": {"path":"/mnt/data/github_backup/Mobile-Application/Coffee_Project/frontend/src/components/Input.tsx","statementMap":{"0":{"start":{"line":28,"column":43},"end":{"line":81,"column":1}},"1":{"start":{"line":40,"column":40},"end":{"line":40,"column":60}},"2":{"start":{"line":42,"column":2},"end":{"line":80,"column":4}},"3":{"start":{"line":66,"column":27},"end":{"line":66,"column":55}},"4":{"start":{"line":83,"column":15},"end":{"line":143,"column":2}}},"fnMap":{"0":{"name":"(anonymous_0)","decl":{"start":{"line":28,"column":43},"end":{"line":28,"column":44}},"loc":{"start":{"line":39,"column":6},"end":{"line":81,"column":1}},"line":39},"1":{"name":"(anonymous_1)","decl":{"start":{"line":66,"column":21},"end":{"line":66,"column":22}},"loc":{"start":{"line":66,"column":27},"end":{"line":66,"column":55}},"line":66}},"branchMap":{"0":{"loc":{"start":{"line":36,"column":2},"end":{"line":36,"column":20}},"type":"default-arg","locations":[{"start":{"line":36,"column":15},"end":{"line":36,"column":20}}],"line":36},"1":{"loc":{"start":{"line":44,"column":7},"end":{"line":53,"column":7}},"type":"binary-expr","locations":[{"start":{"line":44,"column":8},"end":{"line":44,"column":13}},{"start":{"line":44,"column":17},"end":{"line":44,"column":27}},{"start":{"line":45,"column":8},"end":{"line":52,"column":15}}],"line":44},"2":{"loc":{"start":{"line":46,"column":11},"end":{"line":46,"column":61}},"type":"binary-expr","locations":[{"start":{"line":46,"column":11},"end":{"line":46,"column":16}},{"start":{"line":46,"column":20},"end":{"line":46,"column":61}}],"line":46},"3":{"loc":{"start":{"line":47,"column":11},"end":{"line":51,"column":11}},"type":"binary-expr","locations":[{"start":{"line":47,"column":11},"end":{"line":47,"column":21}},{"start":{"line":48,"column":12},"end":{"line":50,"column":31}}],"line":47},"4":{"loc":{"start":{"line":55,"column":43},"end":{"line":55,"column":75}},"type":"cond-expr","locations":[{"start":{"line":55,"column":51},"end":{"line":55,"column":68}},{"start":{"line":55,"column":71},"end":{"line":55,"column":75}}],"line":55},"5":{"loc":{"start":{"line":56,"column":9},"end":{"line":56,"column":95}},"type":"binary-expr","locations":[{"start":{"line":56,"column":9},"end":{"line":56,"column":13}},{"start":{"line":56,"column":17},"end":{"line":56,"column":43}},{"start":{"line":56,"column":47},"end":{"line":56,"column":95}}],"line":56},"6":{"loc":{"start":{"line":58,"column":32},"end":{"line":58,"column":66}},"type":"cond-expr","locations":[{"start":{"line":58,"column":39},"end":{"line":58,"column":59}},{"start":{"line":58,"column":62},"end":{"line":58,"column":66}}],"line":58},"7":{"loc":{"start":{"line":63,"column":9},"end":{"line":74,"column":9}},"type":"binary-expr","locations":[{"start":{"line":63,"column":9},"end":{"line":63,"column":19}},{"start":{"line":64,"column":10},"end":{"line":73,"column":29}}],"line":63},"8":{"loc":{"start":{"line":69,"column":20},"end":{"line":69,"column":67}},"type":"cond-expr","locations":[{"start":{"line":69,"column":34},"end":{"line":69,"column":47}},{"start":{"line":69,"column":50},"end":{"line":69,"column":67}}],"line":69},"9":{"loc":{"start":{"line":77,"column":7},"end":{"line":77,"column":57}},"type":"binary-expr","locations":[{"start":{"line":77,"column":7},"end":{"line":77,"column":12}},{"start":{"line":77,"column":16},"end":{"line":77,"column":57}}],"line":77},"10":{"loc":{"start":{"line":78,"column":7},"end":{"line":78,"column":64}},"type":"binary-expr","locations":[{"start":{"line":78,"column":7},"end":{"line":78,"column":11}},{"start":{"line":78,"column":15},"end":{"line":78,"column":21}},{"start":{"line":78,"column":25},"end":{"line":78,"column":64}}],"line":78}},"s":{"0":20,"1":0,"2":0,"3":0,"4":20},"f":{"0":0,"1":0},"b":{"0":[0],"1":[0,0,0],"2":[0,0],"3":[0,0],"4":[0,0],"5":[0,0,0],"6":[0,0],"7":[0,0],"8":[0,0],"9":[0,0],"10":[0,0,0]},"_coverageSchema":"1a1c01bbd47fc00a2c39e90264f33305004495a9","hash":"aa4c95345736cc106a3f6d243c6ce1e4c68effb3"}
,"/mnt/data/github_backup/Mobile-Application/Coffee_Project/frontend/src/constants/index.ts": {"path":"/mnt/data/github_backup/Mobile-Application/Coffee_Project/frontend/src/constants/index.ts","statementMap":{},"fnMap":{},"branchMap":{},"s":{},"f":{},"b":{},"_coverageSchema":"1a1c01bbd47fc00a2c39e90264f33305004495a9","hash":"996a1515ccdd668e7705aee656fa8b722a354db2"}
,"/mnt/data/github_backup/Mobile-Application/Coffee_Project/frontend/src/constants/theme.ts": {"path":"/mnt/data/github_backup/Mobile-Application/Coffee_Project/frontend/src/constants/theme.ts","statementMap":{"0":{"start":{"line":6,"column":22},"end":{"line":51,"column":10}},"1":{"start":{"line":53,"column":21},"end":{"line":66,"column":10}},"2":{"start":{"line":68,"column":23},"end":{"line":77,"column":10}},"3":{"start":{"line":79,"column":22},"end":{"line":85,"column":10}},"4":{"start":{"line":87,"column":23},"end":{"line":112,"column":10}}},"fnMap":{},"branchMap":{},"s":{"0":9,"1":9,"2":9,"3":9,"4":9},"f":{},"b":{},"_coverageSchema":"1a1c01bbd47fc00a2c39e90264f33305004495a9","hash":"add4d40012e7643bb25b1d4c47c212cfc7b5897d"}
,"/mnt/data/github_backup/Mobile-Application/Coffee_Project/frontend/src/context/AuthContext.tsx": {"path":"/mnt/data/github_backup/Mobile-Application/Coffee_Project/frontend/src/context/AuthContext.tsx","statementMap":{"0":{"start":{"line":31,"column":20},"end":{"line":31,"column":73}},"1":{"start":{"line":33,"column":23},"end":{"line":39,"column":1}},"2":{"start":{"line":34,"column":18},"end":{"line":34,"column":41}},"3":{"start":{"line":35,"column":2},"end":{"line":37,"column":3}},"4":{"start":{"line":36,"column":4},"end":{"line":36,"column":67}},"5":{"start":{"line":38,"column":2},"end":{"line":38,"column":17}},"6":{"start":{"line":45,"column":57},"end":{"line":190,"column":1}},"7":{"start":{"line":46,"column":26},"end":{"line":46,"column":53}},"8":{"start":{"line":47,"column":32},"end":{"line":47,"column":46}},"9":{"start":{"line":49,"column":2},"end":{"line":55,"column":9}},"10":{"start":{"line":50,"column":24},"end":{"line":53,"column":6}},"11":{"start":{"line":51,"column":6},"end":{"line":51,"column":28}},"12":{"start":{"line":52,"column":6},"end":{"line":52,"column":24}},"13":{"start":{"line":54,"column":4},"end":{"line":54,"column":31}},"14":{"start":{"line":54,"column":17},"end":{"line":54,"column":30}},"15":{"start":{"line":60,"column":17},"end":{"line":67,"column":3}},"16":{"start":{"line":61,"column":4},"end":{"line":66,"column":5}},"17":{"start":{"line":62,"column":6},"end":{"line":62,"column":62}},"18":{"start":{"line":63,"column":6},"end":{"line":63,"column":29}},"19":{"start":{"line":65,"column":6},"end":{"line":65,"column":37}},"20":{"start":{"line":72,"column":17},"end":{"line":82,"column":3}},"21":{"start":{"line":73,"column":4},"end":{"line":81,"column":5}},"22":{"start":{"line":74,"column":21},"end":{"line":74,"column":80}},"23":{"start":{"line":75,"column":6},"end":{"line":77,"column":7}},"24":{"start":{"line":76,"column":8},"end":{"line":76,"column":68}},"25":{"start":{"line":78,"column":6},"end":{"line":78,"column":29}},"26":{"start":{"line":80,"column":6},"end":{"line":80,"column":37}},"27":{"start":{"line":87,"column":18},"end":{"line":93,"column":3}},"28":{"start":{"line":88,"column":4},"end":{"line":92,"column":5}},"29":{"start":{"line":89,"column":6},"end":{"line":89,"column":34}},"30":{"start":{"line":91,"column":6},"end":{"line":91,"column":44}},"31":{"start":{"line":98,"column":24},"end":{"line":105,"column":3}},"32":{"start":{"line":99,"column":4},"end":{"line":104,"column":5}},"33":{"start":{"line":100,"column":6},"end":{"line":100,"column":48}},"34":{"start":{"line":101,"column":6},"end":{"line":101,"column":29}},"35":{"start":{"line":103,"column":6},"end":{"line":103,"column":37}},"36":{"start":{"line":110,"column":27},"end":{"line":127,"column":3}},"37":{"start":{"line":111,"column":4},"end":{"line":126,"column":5}},"38":{"start":{"line":112,"column":23},"end":{"line":112,"column":47}},"39":{"start":{"line":113,"column":6},"end":{"line":113,"column":33}},"40":{"start":{"line":114,"column":6},"end":{"line":114,"column":35}},"41":{"start":{"line":116,"column":6},"end":{"line":122,"column":7}},"42":{"start":{"line":117,"column":8},"end":{"line":117,"column":46}},"43":{"start":{"line":121,"column":8},"end":{"line":121,"column":46}},"44":{"start":{"line":123,"column":6},"end":{"line":123,"column":29}},"45":{"start":{"line":125,"column":6},"end":{"line":125,"column":37}},"46":{"start":{"line":132,"column":29},"end":{"line":147,"column":3}},"47":{"start":{"line":133,"column":4},"end":{"line":146,"column":5}},"48":{"start":{"line":134,"column":23},"end":{"line":134,"column":49}},"49":{"start":{"line":135,"column":6},"end":{"line":135,"column":33}},"50":{"start":{"line":136,"column":6},"end":{"line":136,"column":42}},"51":{"start":{"line":138,"column":6},"end":{"line":142,"column":7}},"52":{"start":{"line":139,"column":8},"end":{"line":139,"column":46}},"53":{"start":{"line":141,"column":8},"end":{"line":141,"column":46}},"54":{"start":{"line":143,"column":6},"end":{"line":143,"column":29}},"55":{"start":{"line":145,"column":6},"end":{"line":145,"column":37}},"56":{"start":{"line":155,"column":25},"end":{"line":171,"column":3}},"57":{"start":{"line":156,"column":4},"end":{"line":170,"column":5}},"58":{"start":{"line":157,"column":23},"end":{"line":157,"column":53}},"59":{"start":{"line":158,"column":6},"end":{"line":158,"column":35}},"60":{"start":{"line":159,"column":6},"end":{"line":159,"column":34}},"61":{"start":{"line":160,"column":6},"end":{"line":160,"column":33}},"62":{"start":{"line":162,"column":6},"end":{"line":166,"column":7}},"63":{"start":{"line":163,"column":8},"end":{"line":163,"column":46}},"64":{"start":{"line":165,"column":8},"end":{"line":165,"column":46}},"65":{"start":{"line":167,"column":6},"end":{"line":167,"column":29}},"66":{"start":{"line":169,"column":6},"end":{"line":169,"column":37}},"67":{"start":{"line":173,"column":2},"end":{"line":189,"column":4}}},"fnMap":{"0":{"name":"(anonymous_0)","decl":{"start":{"line":33,"column":23},"end":{"line":33,"column":24}},"loc":{"start":{"line":33,"column":29},"end":{"line":39,"column":1}},"line":33},"1":{"name":"(anonymous_1)","decl":{"start":{"line":45,"column":57},"end":{"line":45,"column":58}},"loc":{"start":{"line":45,"column":75},"end":{"line":190,"column":1}},"line":45},"2":{"name":"(anonymous_2)","decl":{"start":{"line":49,"column":12},"end":{"line":49,"column":13}},"loc":{"start":{"line":49,"column":18},"end":{"line":55,"column":3}},"line":49},"3":{"name":"(anonymous_3)","decl":{"start":{"line":50,"column":49},"end":{"line":50,"column":50}},"loc":{"start":{"line":50,"column":67},"end":{"line":53,"column":5}},"line":50},"4":{"name":"(anonymous_4)","decl":{"start":{"line":54,"column":11},"end":{"line":54,"column":12}},"loc":{"start":{"line":54,"column":17},"end":{"line":54,"column":30}},"line":54},"5":{"name":"(anonymous_5)","decl":{"start":{"line":60,"column":17},"end":{"line":60,"column":18}},"loc":{"start":{"line":60,"column":60},"end":{"line":67,"column":3}},"line":60},"6":{"name":"(anonymous_6)","decl":{"start":{"line":72,"column":17},"end":{"line":72,"column":18}},"loc":{"start":{"line":72,"column":79},"end":{"line":82,"column":3}},"line":72},"7":{"name":"(anonymous_7)","decl":{"start":{"line":87,"column":18},"end":{"line":87,"column":19}},"loc":{"start":{"line":87,"column":30},"end":{"line":93,"column":3}},"line":87},"8":{"name":"(anonymous_8)","decl":{"start":{"line":98,"column":24},"end":{"line":98,"column":25}},"loc":{"start":{"line":98,"column":49},"end":{"line":105,"column":3}},"line":98},"9":{"name":"(anonymous_9)","decl":{"start":{"line":110,"column":27},"end":{"line":110,"column":28}},"loc":{"start":{"line":110,"column":39},"end":{"line":127,"column":3}},"line":110},"10":{"name":"(anonymous_10)","decl":{"start":{"line":132,"column":29},"end":{"line":132,"column":30}},"loc":{"start":{"line":132,"column":41},"end":{"line":147,"column":3}},"line":132},"11":{"name":"(anonymous_11)","decl":{"start":{"line":155,"column":25},"end":{"line":155,"column":26}},"loc":{"start":{"line":155,"column":37},"end":{"line":171,"column":3}},"line":155}},"branchMap":{"0":{"loc":{"start":{"line":35,"column":2},"end":{"line":37,"column":3}},"type":"if","locations":[{"start":{"line":35,"column":2},"end":{"line":37,"column":3}},{"start":{},"end":{}}],"line":35},"1":{"loc":{"start":{"line":75,"column":6},"end":{"line":77,"column":7}},"type":"if","locations":[{"start":{"line":75,"column":6},"end":{"line":77,"column":7}},{"start":{},"end":{}}],"line":75},"2":{"loc":{"start":{"line":75,"column":10},"end":{"line":75,"column":33}},"type":"binary-expr","locations":[{"start":{"line":75,"column":10},"end":{"line":75,"column":21}},{"start":{"line":75,"column":25},"end":{"line":75,"column":33}}],"line":75},"3":{"loc":{"start":{"line":116,"column":6},"end":{"line":122,"column":7}},"type":"if","locations":[{"start":{"line":116,"column":6},"end":{"line":122,"column":7}},{"start":{"line":118,"column":13},"end":{"line":122,"column":7}}],"line":116},"4":{"loc":{"start":{"line":138,"column":6},"end":{"line":142,"column":7}},"type":"if","locations":[{"start":{"line":138,"column":6},"end":{"line":142,"column":7}},{"start":{"line":140,"column":13},"end":{"line":142,"column":7}}],"line":138},"5":{"loc":{"start":{"line":162,"column":6},"end":{"line":166,"column":7}},"type":"if","locations":[{"start":{"line":162,"column":6},"end":{"line":166,"column":7}},{"start":{"line":164,"column":13},"end":{"line":166,"column":7}}],"line":162}},"s":{"0":7,"1":7,"2":34,"3":34,"4":0,"5":34,"6":7,"7":39,"8":39,"9":39,"10":0,"11":0,"12":0,"13":0,"14":0,"15":39,"16":12,"17":12,"18":2,"19":10,"20":39,"21":5,"22":5,"23":2,"24":1,"25":2,"26":3,"27":39,"28":4,"29":4,"30":2,"31":39,"32":4,"33":4,"34":1,"35":3,"36":39,"37":3,"38":3,"39":3,"40":3,"41":3,"42":0,"43":0,"44":0,"45":3,"46":39,"47":3,"48":3,"49":3,"50":3,"51":3,"52":0,"53":0,"54":0,"55":3,"56":39,"57":3,"58":3,"59":3,"60":3,"61":3,"62":3,"63":0,"64":0,"65":0,"66":3,"67":39},"f":{"0":34,"1":39,"2":0,"3":0,"4":0,"5":12,"6":5,"7":4,"8":4,"9":3,"10":3,"11":3},"b":{"0":[0,34],"1":[1,1],"2":[2,2],"3":[0,0],"4":[0,0],"5":[0,0]},"_coverageSchema":"1a1c01bbd47fc00a2c39e90264f33305004495a9","hash":"abf74e026ee21d62b564855456f3655429920e3c"}
,"/mnt/data/github_backup/Mobile-Application/Coffee_Project/frontend/src/context/LanguageContext.tsx": {"path":"/mnt/data/github_backup/Mobile-Application/Coffee_Project/frontend/src/context/LanguageContext.tsx","statementMap":{"0":{"start":{"line":14,"column":35},"end":{"line":51,"column":1}},"1":{"start":{"line":59,"column":24},"end":{"line":59,"column":81}},"2":{"start":{"line":61,"column":21},"end":{"line":61,"column":35}},"3":{"start":{"line":63,"column":67},"end":{"line":99,"column":1}},"4":{"start":{"line":64,"column":39},"end":{"line":64,"column":63}},"5":{"start":{"line":66,"column":2},"end":{"line":68,"column":9}},"6":{"start":{"line":67,"column":4},"end":{"line":67,"column":19}},"7":{"start":{"line":70,"column":23},"end":{"line":79,"column":3}},"8":{"start":{"line":71,"column":4},"end":{"line":78,"column":5}},"9":{"start":{"line":72,"column":20},"end":{"line":72,"column":60}},"10":{"start":{"line":73,"column":6},"end":{"line":75,"column":7}},"11":{"start":{"line":74,"column":8},"end":{"line":74,"column":44}},"12":{"start":{"line":77,"column":6},"end":{"line":77,"column":54}},"13":{"start":{"line":81,"column":22},"end":{"line":88,"column":3}},"14":{"start":{"line":82,"column":4},"end":{"line":87,"column":5}},"15":{"start":{"line":83,"column":6},"end":{"line":83,"column":53}},"16":{"start":{"line":84,"column":6},"end":{"line":84,"column":29}},"17":{"start":{"line":86,"column":6},"end":{"line":86,"column":53}},"18":{"start":{"line":90,"column":12},"end":{"line":92,"column":3}},"19":{"start":{"line":91,"column":4},"end":{"line":91,"column":48}},"20":{"start":{"line":94,"column":2},"end":{"line":98,"column":4}},"21":{"start":{"line":101,"column":27},"end":{"line":107,"column":1}},"22":{"start":{"line":102,"column":18},"end":{"line":102,"column":45}},"23":{"start":{"line":103,"column":2},"end":{"line":105,"column":3}},"24":{"start":{"line":104,"column":4},"end":{"line":104,"column":74}},"25":{"start":{"line":106,"column":2},"end":{"line":106,"column":17}}},"fnMap":{"0":{"name":"(anonymous_0)","decl":{"start":{"line":63,"column":67},"end":{"line":63,"column":68}},"loc":{"start":{"line":63,"column":85},"end":{"line":99,"column":1}},"line":63},"1":{"name":"(anonymous_1)","decl":{"start":{"line":66,"column":12},"end":{"line":66,"column":13}},"loc":{"start":{"line":66,"column":18},"end":{"line":68,"column":3}},"line":66},"2":{"name":"(anonymous_2)","decl":{"start":{"line":70,"column":23},"end":{"line":70,"column":24}},"loc":{"start":{"line":70,"column":35},"end":{"line":79,"column":3}},"line":70},"3":{"name":"(anonymous_3)","decl":{"start":{"line":81,"column":22},"end":{"line":81,"column":23}},"loc":{"start":{"line":81,"column":48},"end":{"line":88,"column":3}},"line":81},"4":{"name":"(anonymous_4)","decl":{"start":{"line":90,"column":12},"end":{"line":90,"column":13}},"loc":{"start":{"line":90,"column":37},"end":{"line":92,"column":3}},"line":90},"5":{"name":"(anonymous_5)","decl":{"start":{"line":101,"column":27},"end":{"line":101,"column":28}},"loc":{"start":{"line":101,"column":54},"end":{"line":107,"column":1}},"line":101}},"branchMap":{"0":{"loc":{"start":{"line":73,"column":6},"end":{"line":75,"column":7}},"type":"if","locations":[{"start":{"line":73,"column":6},"end":{"line":75,"column":7}},{"start":{},"end":{}}],"line":73},"1":{"loc":{"start":{"line":73,"column":10},"end":{"line":73,"column":53}},"type":"binary-expr","locations":[{"start":{"line":73,"column":10},"end":{"line":73,"column":15}},{"start":{"line":73,"column":19},"end":{"line":73,"column":53}}],"line":73},"2":{"loc":{"start":{"line":91,"column":11},"end":{"line":91,"column":47}},"type":"binary-expr","locations":[{"start":{"line":91,"column":11},"end":{"line":91,"column":40}},{"start":{"line":91,"column":44},"end":{"line":91,"column":47}}],"line":91},"3":{"loc":{"start":{"line":103,"column":2},"end":{"line":105,"column":3}},"type":"if","locations":[{"start":{"line":103,"column":2},"end":{"line":105,"column":3}},{"start":{},"end":{}}],"line":103}},"s":{"0":1,"1":1,"2":1,"3":1,"4":5,"5":5,"6":0,"7":5,"8":0,"9":0,"10":0,"11":0,"12":0,"13":5,"14":0,"15":0,"16":0,"17":0,"18":5,"19":0,"20":5,"21":1,"22":0,"23":0,"24":0,"25":0},"f":{"0":5,"1":0,"2":0,"3":0,"4":0,"5":0},"b":{"0":[0,0],"1":[0,0],"2":[0,0],"3":[0,0]},"_coverageSchema":"1a1c01bbd47fc00a2c39e90264f33305004495a9","hash":"a7ad55a266bdfa155fc3ff5fbf05b86fba66f597"}
,"/mnt/data/github_backup/Mobile-Application/Coffee_Project/frontend/src/context/ThemeContext.tsx": {"path":"/mnt/data/github_backup/Mobile-Application/Coffee_Project/frontend/src/context/ThemeContext.tsx","statementMap":{"0":{"start":{"line":20,"column":20},"end":{"line":29,"column":1}},"1":{"start":{"line":31,"column":19},"end":{"line":40,"column":1}},"2":{"start":{"line":42,"column":21},"end":{"line":42,"column":75}},"3":{"start":{"line":44,"column":24},"end":{"line":50,"column":1}},"4":{"start":{"line":45,"column":18},"end":{"line":45,"column":42}},"5":{"start":{"line":46,"column":2},"end":{"line":48,"column":3}},"6":{"start":{"line":47,"column":4},"end":{"line":47,"column":68}},"7":{"start":{"line":49,"column":2},"end":{"line":49,"column":17}},"8":{"start":{"line":56,"column":59},"end":{"line":92,"column":1}},"9":{"start":{"line":57,"column":28},"end":{"line":57,"column":44}},"10":{"start":{"line":58,"column":30},"end":{"line":58,"column":68}},"11":{"start":{"line":60,"column":2},"end":{"line":62,"column":9}},"12":{"start":{"line":61,"column":4},"end":{"line":61,"column":16}},"13":{"start":{"line":64,"column":20},"end":{"line":73,"column":3}},"14":{"start":{"line":65,"column":4},"end":{"line":72,"column":5}},"15":{"start":{"line":66,"column":25},"end":{"line":66,"column":60}},"16":{"start":{"line":67,"column":6},"end":{"line":69,"column":7}},"17":{"start":{"line":68,"column":8},"end":{"line":68,"column":41}},"18":{"start":{"line":71,"column":6},"end":{"line":71,"column":49}},"19":{"start":{"line":75,"column":22},"end":{"line":83,"column":3}},"20":{"start":{"line":76,"column":4},"end":{"line":82,"column":5}},"21":{"start":{"line":77,"column":23},"end":{"line":77,"column":30}},"22":{"start":{"line":78,"column":6},"end":{"line":78,"column":26}},"23":{"start":{"line":79,"column":6},"end":{"line":79,"column":71}},"24":{"start":{"line":81,"column":6},"end":{"line":81,"column":48}},"25":{"start":{"line":85,"column":17},"end":{"line":85,"column":50}},"26":{"start":{"line":87,"column":2},"end":{"line":91,"column":4}}},"fnMap":{"0":{"name":"(anonymous_0)","decl":{"start":{"line":44,"column":24},"end":{"line":44,"column":25}},"loc":{"start":{"line":44,"column":30},"end":{"line":50,"column":1}},"line":44},"1":{"name":"(anonymous_1)","decl":{"start":{"line":56,"column":59},"end":{"line":56,"column":60}},"loc":{"start":{"line":56,"column":77},"end":{"line":92,"column":1}},"line":56},"2":{"name":"(anonymous_2)","decl":{"start":{"line":60,"column":12},"end":{"line":60,"column":13}},"loc":{"start":{"line":60,"column":18},"end":{"line":62,"column":3}},"line":60},"3":{"name":"(anonymous_3)","decl":{"start":{"line":64,"column":20},"end":{"line":64,"column":21}},"loc":{"start":{"line":64,"column":32},"end":{"line":73,"column":3}},"line":64},"4":{"name":"(anonymous_4)","decl":{"start":{"line":75,"column":22},"end":{"line":75,"column":23}},"loc":{"start":{"line":75,"column":34},"end":{"line":83,"column":3}},"line":75}},"branchMap":{"0":{"loc":{"start":{"line":46,"column":2},"end":{"line":48,"column":3}},"type":"if","locations":[{"start":{"line":46,"column":2},"end":{"line":48,"column":3}},{"start":{},"end":{}}],"line":46},"1":{"loc":{"start":{"line":67,"column":6},"end":{"line":69,"column":7}},"type":"if","locations":[{"start":{"line":67,"column":6},"end":{"line":69,"column":7}},{"start":{},"end":{}}],"line":67},"2":{"loc":{"start":{"line":79,"column":42},"end":{"line":79,"column":69}},"type":"cond-expr","locations":[{"start":{"line":79,"column":53},"end":{"line":79,"column":59}},{"start":{"line":79,"column":62},"end":{"line":79,"column":69}}],"line":79},"3":{"loc":{"start":{"line":85,"column":17},"end":{"line":85,"column":50}},"type":"cond-expr","locations":[{"start":{"line":85,"column":26},"end":{"line":85,"column":36}},{"start":{"line":85,"column":39},"end":{"line":85,"column":50}}],"line":85}},"s":{"0":1,"1":1,"2":1,"3":1,"4":0,"5":0,"6":0,"7":0,"8":1,"9":5,"10":0,"11":0,"12":0,"13":0,"14":0,"15":0,"16":0,"17":0,"18":0,"19":0,"20":0,"21":0,"22":0,"23":0,"24":0,"25":0,"26":0},"f":{"0":0,"1":5,"2":0,"3":0,"4":0},"b":{"0":[0,0],"1":[0,0],"2":[0,0],"3":[0,0]},"_coverageSchema":"1a1c01bbd47fc00a2c39e90264f33305004495a9","hash":"cb102c2b60f2fc6559ea084ee7df4d1697e106f0"}
,"/mnt/data/github_backup/Mobile-Application/Coffee_Project/frontend/src/lib/exportService.ts": {"path":"/mnt/data/github_backup/Mobile-Application/Coffee_Project/frontend/src/lib/exportService.ts","statementMap":{"0":{"start":{"line":5,"column":29},"end":{"line":87,"column":1}},"1":{"start":{"line":10,"column":20},"end":{"line":10,"column":111}},"2":{"start":{"line":11,"column":17},"end":{"line":20,"column":6}},"3":{"start":{"line":11,"column":32},"end":{"line":20,"column":5}},"4":{"start":{"line":22,"column":4},"end":{"line":22,"column":92}},"5":{"start":{"line":22,"column":48},"end":{"line":22,"column":78}},"6":{"start":{"line":22,"column":59},"end":{"line":22,"column":67}},"7":{"start":{"line":29,"column":20},"end":{"line":29,"column":90}},"8":{"start":{"line":30,"column":17},"end":{"line":38,"column":6}},"9":{"start":{"line":30,"column":35},"end":{"line":38,"column":5}},"10":{"start":{"line":40,"column":4},"end":{"line":40,"column":92}},"11":{"start":{"line":40,"column":48},"end":{"line":40,"column":78}},"12":{"start":{"line":40,"column":59},"end":{"line":40,"column":67}},"13":{"start":{"line":47,"column":16},"end":{"line":47,"column":38}},"14":{"start":{"line":48,"column":21},"end":{"line":48,"column":46}},"15":{"start":{"line":49,"column":17},"end":{"line":49,"column":51}},"16":{"start":{"line":51,"column":4},"end":{"line":51,"column":26}},"17":{"start":{"line":53,"column":4},"end":{"line":55,"column":5}},"18":{"start":{"line":54,"column":6},"end":{"line":54,"column":41}},"19":{"start":{"line":62,"column":16},"end":{"line":62,"column":44}},"20":{"start":{"line":63,"column":21},"end":{"line":63,"column":49}},"21":{"start":{"line":64,"column":17},"end":{"line":64,"column":51}},"22":{"start":{"line":66,"column":4},"end":{"line":66,"column":26}},"23":{"start":{"line":68,"column":4},"end":{"line":70,"column":5}},"24":{"start":{"line":69,"column":6},"end":{"line":69,"column":41}},"25":{"start":{"line":77,"column":16},"end":{"line":77,"column":95}},"26":{"start":{"line":78,"column":21},"end":{"line":78,"column":59}},"27":{"start":{"line":79,"column":17},"end":{"line":79,"column":51}},"28":{"start":{"line":81,"column":4},"end":{"line":81,"column":26}},"29":{"start":{"line":83,"column":4},"end":{"line":85,"column":5}},"30":{"start":{"line":84,"column":6},"end":{"line":84,"column":41}}},"fnMap":{"0":{"name":"(anonymous_0)","decl":{"start":{"line":9,"column":2},"end":{"line":9,"column":3}},"loc":{"start":{"line":9,"column":36},"end":{"line":23,"column":3}},"line":9},"1":{"name":"(anonymous_1)","decl":{"start":{"line":11,"column":27},"end":{"line":11,"column":28}},"loc":{"start":{"line":11,"column":32},"end":{"line":20,"column":5}},"line":11},"2":{"name":"(anonymous_2)","decl":{"start":{"line":22,"column":43},"end":{"line":22,"column":44}},"loc":{"start":{"line":22,"column":48},"end":{"line":22,"column":78}},"line":22},"3":{"name":"(anonymous_3)","decl":{"start":{"line":22,"column":54},"end":{"line":22,"column":55}},"loc":{"start":{"line":22,"column":59},"end":{"line":22,"column":67}},"line":22},"4":{"name":"(anonymous_4)","decl":{"start":{"line":28,"column":2},"end":{"line":28,"column":3}},"loc":{"start":{"line":28,"column":45},"end":{"line":41,"column":3}},"line":28},"5":{"name":"(anonymous_5)","decl":{"start":{"line":30,"column":30},"end":{"line":30,"column":31}},"loc":{"start":{"line":30,"column":35},"end":{"line":38,"column":5}},"line":30},"6":{"name":"(anonymous_6)","decl":{"start":{"line":40,"column":43},"end":{"line":40,"column":44}},"loc":{"start":{"line":40,"column":48},"end":{"line":40,"column":78}},"line":40},"7":{"name":"(anonymous_7)","decl":{"start":{"line":40,"column":54},"end":{"line":40,"column":55}},"loc":{"start":{"line":40,"column":59},"end":{"line":40,"column":67}},"line":40},"8":{"name":"(anonymous_8)","decl":{"start":{"line":46,"column":2},"end":{"line":46,"column":3}},"loc":{"start":{"line":46,"column":50},"end":{"line":56,"column":3}},"line":46},"9":{"name":"(anonymous_9)","decl":{"start":{"line":61,"column":2},"end":{"line":61,"column":3}},"loc":{"start":{"line":61,"column":59},"end":{"line":71,"column":3}},"line":61},"10":{"name":"(anonymous_10)","decl":{"start":{"line":76,"column":2},"end":{"line":76,"column":3}},"loc":{"start":{"line":76,"column":69},"end":{"line":86,"column":3}},"line":76}},"branchMap":{"0":{"loc":{"start":{"line":15,"column":6},"end":{"line":15,"column":22}},"type":"binary-expr","locations":[{"start":{"line":15,"column":6},"end":{"line":15,"column":16}},{"start":{"line":15,"column":20},"end":{"line":15,"column":22}}],"line":15},"1":{"loc":{"start":{"line":16,"column":6},"end":{"line":16,"column":21}},"type":"binary-expr","locations":[{"start":{"line":16,"column":6},"end":{"line":16,"column":15}},{"start":{"line":16,"column":19},"end":{"line":16,"column":21}}],"line":16},"2":{"loc":{"start":{"line":17,"column":6},"end":{"line":17,"column":36}},"type":"binary-expr","locations":[{"start":{"line":17,"column":6},"end":{"line":17,"column":30}},{"start":{"line":17,"column":34},"end":{"line":17,"column":36}}],"line":17},"3":{"loc":{"start":{"line":18,"column":6},"end":{"line":18,"column":39}},"type":"binary-expr","locations":[{"start":{"line":18,"column":6},"end":{"line":18,"column":33}},{"start":{"line":18,"column":37},"end":{"line":18,"column":39}}],"line":18},"4":{"loc":{"start":{"line":19,"column":6},"end":{"line":19,"column":19}},"type":"binary-expr","locations":[{"start":{"line":19,"column":6},"end":{"line":19,"column":13}},{"start":{"line":19,"column":17},"end":{"line":19,"column":19}}],"line":19},"5":{"loc":{"start":{"line":32,"column":6},"end":{"line":32,"column":25}},"type":"binary-expr","locations":[{"start":{"line":32,"column":6},"end":{"line":32,"column":19}},{"start":{"line":32,"column":23},"end":{"line":32,"column":25}}],"line":32},"6":{"loc":{"start":{"line":33,"column":6},"end":{"line":33,"column":21}},"type":"binary-expr","locations":[{"start":{"line":33,"column":6},"end":{"line":33,"column":15}},{"start":{"line":33,"column":19},"end":{"line":33,"column":21}}],"line":33},"7":{"loc":{"start":{"line":37,"column":6},"end":{"line":37,"column":19}},"type":"binary-expr","locations":[{"start":{"line":37,"column":6},"end":{"line":37,"column":13}},{"start":{"line":37,"column":17},"end":{"line":37,"column":19}}],"line":37},"8":{"loc":{"start":{"line":53,"column":4},"end":{"line":55,"column":5}},"type":"if","locations":[{"start":{"line":53,"column":4},"end":{"line":55,"column":5}},{"start":{},"end":{}}],"line":53},"9":{"loc":{"start":{"line":68,"column":4},"end":{"line":70,"column":5}},"type":"if","locations":[{"start":{"line":68,"column":4},"end":{"line":70,"column":5}},{"start":{},"end":{}}],"line":68},"10":{"loc":{"start":{"line":83,"column":4},"end":{"line":85,"column":5}},"type":"if","locations":[{"start":{"line":83,"column":4},"end":{"line":85,"column":5}},{"start":{},"end":{}}],"line":83}},"s":{"0":1,"1":7,"2":7,"3":6,"4":7,"5":6,"6":48,"7":6,"8":6,"9":5,"10":6,"11":5,"12":35,"13":2,"14":2,"15":2,"16":2,"17":2,"18":1,"19":1,"20":1,"21":1,"22":1,"23":1,"24":1,"25":1,"26":1,"27":1,"28":1,"29":1,"30":1},"f":{"0":7,"1":6,"2":6,"3":48,"4":6,"5":5,"6":5,"7":35,"8":2,"9":1,"10":1},"b":{"0":[6,1],"1":[6,1],"2":[6,0],"3":[6,0],"4":[6,6],"5":[5,1],"6":[5,0],"7":[5,0],"8":[1,1],"9":[1,0],"10":[1,0]},"_coverageSchema":"1a1c01bbd47fc00a2c39e90264f33305004495a9","hash":"f89f922370f1efe9a5d15233d7311c7ea59b1cd4"}
,"/mnt/data/github_backup/Mobile-Application/Coffee_Project/frontend/src/lib/firebase.ts": {"path":"/mnt/data/github_backup/Mobile-Application/Coffee_Project/frontend/src/lib/firebase.ts","statementMap":{"0":{"start":{"line":5,"column":23},"end":{"line":12,"column":1}},"1":{"start":{"line":18,"column":25},"end":{"line":18,"column":88}},"2":{"start":{"line":23,"column":19},"end":{"line":23,"column":31}},"3":{"start":{"line":28,"column":22},"end":{"line":28,"column":39}}},"fnMap":{},"branchMap":{"0":{"loc":{"start":{"line":6,"column":10},"end":{"line":6,"column":68}},"type":"binary-expr","locations":[{"start":{"line":6,"column":10},"end":{"line":6,"column":50}},{"start":{"line":6,"column":54},"end":{"line":6,"column":68}}],"line":6},"1":{"loc":{"start":{"line":7,"column":14},"end":{"line":7,"column":92}},"type":"binary-expr","locations":[{"start":{"line":7,"column":14},"end":{"line":7,"column":58}},{"start":{"line":7,"column":62},"end":{"line":7,"column":92}}],"line":7},"2":{"loc":{"start":{"line":8,"column":13},"end":{"line":8,"column":77}},"type":"binary-expr","locations":[{"start":{"line":8,"column":13},"end":{"line":8,"column":56}},{"start":{"line":8,"column":60},"end":{"line":8,"column":77}}],"line":8},"3":{"loc":{"start":{"line":9,"column":17},"end":{"line":9,"column":94}},"type":"binary-expr","locations":[{"start":{"line":9,"column":17},"end":{"line":9,"column":64}},{"start":{"line":9,"column":68},"end":{"line":9,"column":94}}],"line":9},"4":{"loc":{"start":{"line":10,"column":21},"end":{"line":10,"column":93}},"type":"binary-expr","locations":[{"start":{"line":10,"column":21},"end":{"line":10,"column":73}},{"start":{"line":10,"column":77},"end":{"line":10,"column":93}}],"line":10},"5":{"loc":{"start":{"line":11,"column":9},"end":{"line":11,"column":65}},"type":"binary-expr","locations":[{"start":{"line":11,"column":9},"end":{"line":11,"column":48}},{"start":{"line":11,"column":52},"end":{"line":11,"column":65}}],"line":11},"6":{"loc":{"start":{"line":18,"column":25},"end":{"line":18,"column":88}},"type":"cond-expr","locations":[{"start":{"line":18,"column":48},"end":{"line":18,"column":56}},{"start":{"line":18,"column":59},"end":{"line":18,"column":88}}],"line":18}},"s":{"0":11,"1":11,"2":11,"3":11},"f":{},"b":{"0":[11,11],"1":[11,11],"2":[11,11],"3":[11,11],"4":[11,11],"5":[11,11],"6":[0,11]},"_coverageSchema":"1a1c01bbd47fc00a2c39e90264f33305004495a9","hash":"03baa5907491315868691688ad1087925ca943ef"}
,"/mnt/data/github_backup/Mobile-Application/Coffee_Project/frontend/src/lib/firebaseDb.ts": {"path":"/mnt/data/github_backup/Mobile-Application/Coffee_Project/frontend/src/lib/firebaseDb.ts","statementMap":{"0":{"start":{"line":17,"column":17},"end":{"line":17,"column":40}},"1":{"start":{"line":18,"column":20},"end":{"line":18,"column":46}},"2":{"start":{"line":51,"column":27},"end":{"line":105,"column":1}},"3":{"start":{"line":56,"column":14},"end":{"line":56,"column":92}},"4":{"start":{"line":57,"column":21},"end":{"line":57,"column":37}},"5":{"start":{"line":58,"column":4},"end":{"line":58,"column":71}},"6":{"start":{"line":58,"column":35},"end":{"line":58,"column":68}},"7":{"start":{"line":65,"column":20},"end":{"line":65,"column":54}},"8":{"start":{"line":66,"column":4},"end":{"line":66,"column":39}},"9":{"start":{"line":66,"column":27},"end":{"line":66,"column":39}},"10":{"start":{"line":67,"column":4},"end":{"line":67,"column":57}},"11":{"start":{"line":74,"column":19},"end":{"line":78,"column":6}},"12":{"start":{"line":79,"column":20},"end":{"line":79,"column":40}},"13":{"start":{"line":80,"column":4},"end":{"line":80,"column":57}},"14":{"start":{"line":87,"column":4},"end":{"line":87,"column":48}},"15":{"start":{"line":94,"column":4},"end":{"line":94,"column":42}},"16":{"start":{"line":101,"column":14},"end":{"line":101,"column":61}},"17":{"start":{"line":102,"column":21},"end":{"line":102,"column":37}},"18":{"start":{"line":103,"column":4},"end":{"line":103,"column":25}},"19":{"start":{"line":107,"column":30},"end":{"line":203,"column":1}},"20":{"start":{"line":112,"column":14},"end":{"line":112,"column":97}},"21":{"start":{"line":113,"column":21},"end":{"line":113,"column":37}},"22":{"start":{"line":115,"column":24},"end":{"line":115,"column":86}},"23":{"start":{"line":115,"column":48},"end":{"line":115,"column":84}},"24":{"start":{"line":117,"column":20},"end":{"line":117,"column":81}},"25":{"start":{"line":117,"column":53},"end":{"line":117,"column":62}},"26":{"start":{"line":118,"column":42},"end":{"line":118,"column":44}},"27":{"start":{"line":120,"column":4},"end":{"line":126,"column":5}},"28":{"start":{"line":121,"column":23},"end":{"line":121,"column":61}},"29":{"start":{"line":122,"column":23},"end":{"line":122,"column":38}},"30":{"start":{"line":123,"column":6},"end":{"line":125,"column":7}},"31":{"start":{"line":124,"column":8},"end":{"line":124,"column":38}},"32":{"start":{"line":128,"column":4},"end":{"line":131,"column":8}},"33":{"start":{"line":128,"column":33},"end":{"line":131,"column":5}},"34":{"start":{"line":138,"column":20},"end":{"line":138,"column":57}},"35":{"start":{"line":139,"column":4},"end":{"line":139,"column":39}},"36":{"start":{"line":139,"column":27},"end":{"line":139,"column":39}},"37":{"start":{"line":141,"column":17},"end":{"line":141,"column":42}},"38":{"start":{"line":142,"column":19},"end":{"line":142,"column":21}},"39":{"start":{"line":143,"column":4},"end":{"line":149,"column":5}},"40":{"start":{"line":144,"column":23},"end":{"line":144,"column":67}},"41":{"start":{"line":145,"column":23},"end":{"line":145,"column":38}},"42":{"start":{"line":146,"column":6},"end":{"line":148,"column":7}},"43":{"start":{"line":147,"column":8},"end":{"line":147,"column":33}},"44":{"start":{"line":151,"column":4},"end":{"line":155,"column":17}},"45":{"start":{"line":162,"column":19},"end":{"line":166,"column":6}},"46":{"start":{"line":167,"column":20},"end":{"line":167,"column":40}},"47":{"start":{"line":168,"column":4},"end":{"line":168,"column":60}},"48":{"start":{"line":175,"column":4},"end":{"line":175,"column":51}},"49":{"start":{"line":182,"column":4},"end":{"line":182,"column":45}},"50":{"start":{"line":189,"column":14},"end":{"line":189,"column":64}},"51":{"start":{"line":190,"column":21},"end":{"line":190,"column":37}},"52":{"start":{"line":192,"column":22},"end":{"line":192,"column":23}},"53":{"start":{"line":193,"column":22},"end":{"line":193,"column":23}},"54":{"start":{"line":195,"column":4},"end":{"line":199,"column":7}},"55":{"start":{"line":196,"column":19},"end":{"line":196,"column":27}},"56":{"start":{"line":197,"column":6},"end":{"line":197,"column":41}},"57":{"start":{"line":198,"column":6},"end":{"line":198,"column":38}},"58":{"start":{"line":201,"column":4},"end":{"line":201,"column":40}}},"fnMap":{"0":{"name":"(anonymous_0)","decl":{"start":{"line":55,"column":2},"end":{"line":55,"column":3}},"loc":{"start":{"line":55,"column":48},"end":{"line":59,"column":3}},"line":55},"1":{"name":"(anonymous_1)","decl":{"start":{"line":58,"column":29},"end":{"line":58,"column":30}},"loc":{"start":{"line":58,"column":35},"end":{"line":58,"column":68}},"line":58},"2":{"name":"(anonymous_2)","decl":{"start":{"line":64,"column":2},"end":{"line":64,"column":3}},"loc":{"start":{"line":64,"column":50},"end":{"line":68,"column":3}},"line":64},"3":{"name":"(anonymous_3)","decl":{"start":{"line":73,"column":2},"end":{"line":73,"column":3}},"loc":{"start":{"line":73,"column":97},"end":{"line":81,"column":3}},"line":73},"4":{"name":"(anonymous_4)","decl":{"start":{"line":86,"column":2},"end":{"line":86,"column":3}},"loc":{"start":{"line":86,"column":63},"end":{"line":88,"column":3}},"line":86},"5":{"name":"(anonymous_5)","decl":{"start":{"line":93,"column":2},"end":{"line":93,"column":3}},"loc":{"start":{"line":93,"column":42},"end":{"line":95,"column":3}},"line":93},"6":{"name":"(anonymous_6)","decl":{"start":{"line":100,"column":2},"end":{"line":100,"column":3}},"loc":{"start":{"line":100,"column":47},"end":{"line":104,"column":3}},"line":100},"7":{"name":"(anonymous_7)","decl":{"start":{"line":111,"column":2},"end":{"line":111,"column":3}},"loc":{"start":{"line":111,"column":51},"end":{"line":132,"column":3}},"line":111},"8":{"name":"(anonymous_8)","decl":{"start":{"line":115,"column":42},"end":{"line":115,"column":43}},"loc":{"start":{"line":115,"column":48},"end":{"line":115,"column":84}},"line":115},"9":{"name":"(anonymous_9)","decl":{"start":{"line":117,"column":48},"end":{"line":117,"column":49}},"loc":{"start":{"line":117,"column":53},"end":{"line":117,"column":62}},"line":117},"10":{"name":"(anonymous_10)","decl":{"start":{"line":128,"column":27},"end":{"line":128,"column":28}},"loc":{"start":{"line":128,"column":33},"end":{"line":131,"column":5}},"line":128},"11":{"name":"(anonymous_11)","decl":{"start":{"line":137,"column":2},"end":{"line":137,"column":3}},"loc":{"start":{"line":137,"column":53},"end":{"line":156,"column":3}},"line":137},"12":{"name":"(anonymous_12)","decl":{"start":{"line":161,"column":2},"end":{"line":161,"column":3}},"loc":{"start":{"line":161,"column":103},"end":{"line":169,"column":3}},"line":161},"13":{"name":"(anonymous_13)","decl":{"start":{"line":174,"column":2},"end":{"line":174,"column":3}},"loc":{"start":{"line":174,"column":66},"end":{"line":176,"column":3}},"line":174},"14":{"name":"(anonymous_14)","decl":{"start":{"line":181,"column":2},"end":{"line":181,"column":3}},"loc":{"start":{"line":181,"column":42},"end":{"line":183,"column":3}},"line":181},"15":{"name":"(anonymous_15)","decl":{"start":{"line":188,"column":2},"end":{"line":188,"column":3}},"loc":{"start":{"line":188,"column":90},"end":{"line":202,"column":3}},"line":188},"16":{"name":"(anonymous_16)","decl":{"start":{"line":195,"column":26},"end":{"line":195,"column":27}},"loc":{"start":{"line":195,"column":31},"end":{"line":199,"column":5}},"line":195}},"branchMap":{"0":{"loc":{"start":{"line":66,"column":4},"end":{"line":66,"column":39}},"type":"if","locations":[{"start":{"line":66,"column":4},"end":{"line":66,"column":39}},{"start":{},"end":{}}],"line":66},"1":{"loc":{"start":{"line":123,"column":6},"end":{"line":125,"column":7}},"type":"if","locations":[{"start":{"line":123,"column":6},"end":{"line":125,"column":7}},{"start":{},"end":{}}],"line":123},"2":{"loc":{"start":{"line":123,"column":10},"end":{"line":123,"column":39}},"type":"binary-expr","locations":[{"start":{"line":123,"column":10},"end":{"line":123,"column":27}},{"start":{"line":123,"column":31},"end":{"line":123,"column":39}}],"line":123},"3":{"loc":{"start":{"line":130,"column":13},"end":{"line":130,"column":69}},"type":"cond-expr","locations":[{"start":{"line":130,"column":25},"end":{"line":130,"column":57}},{"start":{"line":130,"column":60},"end":{"line":130,"column":69}}],"line":130},"4":{"loc":{"start":{"line":130,"column":33},"end":{"line":130,"column":55}},"type":"binary-expr","locations":[{"start":{"line":130,"column":33},"end":{"line":130,"column":49}},{"start":{"line":130,"column":53},"end":{"line":130,"column":55}}],"line":130},"5":{"loc":{"start":{"line":139,"column":4},"end":{"line":139,"column":39}},"type":"if","locations":[{"start":{"line":139,"column":4},"end":{"line":139,"column":39}},{"start":{},"end":{}}],"line":139},"6":{"loc":{"start":{"line":143,"column":4},"end":{"line":149,"column":5}},"type":"if","locations":[{"start":{"line":143,"column":4},"end":{"line":149,"column":5}},{"start":{},"end":{}}],"line":143},"7":{"loc":{"start":{"line":146,"column":6},"end":{"line":148,"column":7}},"type":"if","locations":[{"start":{"line":146,"column":6},"end":{"line":148,"column":7}},{"start":{},"end":{}}],"line":146},"8":{"loc":{"start":{"line":146,"column":10},"end":{"line":146,"column":39}},"type":"binary-expr","locations":[{"start":{"line":146,"column":10},"end":{"line":146,"column":27}},{"start":{"line":146,"column":31},"end":{"line":146,"column":39}}],"line":146},"9":{"loc":{"start":{"line":197,"column":21},"end":{"line":197,"column":40}},"type":"binary-expr","locations":[{"start":{"line":197,"column":21},"end":{"line":197,"column":35}},{"start":{"line":197,"column":39},"end":{"line":197,"column":40}}],"line":197},"10":{"loc":{"start":{"line":198,"column":21},"end":{"line":198,"column":37}},"type":"binary-expr","locations":[{"start":{"line":198,"column":21},"end":{"line":198,"column":32}},{"start":{"line":198,"column":36},"end":{"line":198,"column":37}}],"line":198}},"s":{"0":9,"1":9,"2":9,"3":9,"4":9,"5":2,"6":1,"7":5,"8":2,"9":1,"10":1,"11":14,"12":10,"13":9,"14":9,"15":4,"16":2,"17":2,"18":2,"19":9,"20":8,"21":8,"22":3,"23":2,"24":3,"25":2,"26":3,"27":3,"28":2,"29":2,"30":2,"31":1,"32":3,"33":2,"34":3,"35":3,"36":1,"37":2,"38":2,"39":2,"40":2,"41":2,"42":2,"43":1,"44":2,"45":15,"46":13,"47":13,"48":4,"49":2,"50":3,"51":3,"52":3,"53":3,"54":3,"55":3,"56":3,"57":3,"58":3},"f":{"0":9,"1":1,"2":5,"3":14,"4":9,"5":4,"6":2,"7":8,"8":2,"9":2,"10":2,"11":3,"12":15,"13":4,"14":2,"15":3,"16":3},"b":{"0":[1,1],"1":[1,1],"2":[2,1],"3":[2,0],"4":[2,1],"5":[1,2],"6":[2,0],"7":[1,1],"8":[2,1],"9":[3,1],"10":[3,1]},"_coverageSchema":"1a1c01bbd47fc00a2c39e90264f33305004495a9","hash":"e9b70b78422217ae49514837133e489856d1c504"}
,"/mnt/data/github_backup/Mobile-Application/Coffee_Project/frontend/src/lib/offlineService.ts": {"path":"/mnt/data/github_backup/Mobile-Application/Coffee_Project/frontend/src/lib/offlineService.ts","statementMap":{"0":{"start":{"line":4,"column":24},"end":{"line":4,"column":39}},"1":{"start":{"line":5,"column":27},"end":{"line":5,"column":45}},"2":{"start":{"line":6,"column":22},"end":{"line":6,"column":43}},"3":{"start":{"line":8,"column":30},"end":{"line":74,"column":1}},"4":{"start":{"line":10,"column":4},"end":{"line":15,"column":5}},"5":{"start":{"line":11,"column":6},"end":{"line":11,"column":73}},"6":{"start":{"line":12,"column":6},"end":{"line":12,"column":71}},"7":{"start":{"line":14,"column":6},"end":{"line":14,"column":51}},"8":{"start":{"line":19,"column":4},"end":{"line":25,"column":5}},"9":{"start":{"line":20,"column":19},"end":{"line":20,"column":62}},"10":{"start":{"line":21,"column":6},"end":{"line":21,"column":44}},"11":{"start":{"line":23,"column":6},"end":{"line":23,"column":58}},"12":{"start":{"line":24,"column":6},"end":{"line":24,"column":18}},"13":{"start":{"line":29,"column":4},"end":{"line":34,"column":5}},"14":{"start":{"line":30,"column":6},"end":{"line":30,"column":79}},"15":{"start":{"line":31,"column":6},"end":{"line":31,"column":71}},"16":{"start":{"line":33,"column":6},"end":{"line":33,"column":54}},"17":{"start":{"line":38,"column":4},"end":{"line":44,"column":5}},"18":{"start":{"line":39,"column":19},"end":{"line":39,"column":65}},"19":{"start":{"line":40,"column":6},"end":{"line":40,"column":44}},"20":{"start":{"line":42,"column":6},"end":{"line":42,"column":61}},"21":{"start":{"line":43,"column":6},"end":{"line":43,"column":18}},"22":{"start":{"line":48,"column":4},"end":{"line":54,"column":5}},"23":{"start":{"line":49,"column":24},"end":{"line":49,"column":65}},"24":{"start":{"line":50,"column":6},"end":{"line":50,"column":52}},"25":{"start":{"line":52,"column":6},"end":{"line":52,"column":60}},"26":{"start":{"line":53,"column":6},"end":{"line":53,"column":18}},"27":{"start":{"line":58,"column":4},"end":{"line":66,"column":5}},"28":{"start":{"line":59,"column":6},"end":{"line":63,"column":9}},"29":{"start":{"line":65,"column":6},"end":{"line":65,"column":52}},"30":{"start":{"line":70,"column":21},"end":{"line":70,"column":49}},"31":{"start":{"line":71,"column":4},"end":{"line":71,"column":31}},"32":{"start":{"line":71,"column":19},"end":{"line":71,"column":31}},"33":{"start":{"line":72,"column":4},"end":{"line":72,"column":44}}},"fnMap":{"0":{"name":"(anonymous_0)","decl":{"start":{"line":9,"column":2},"end":{"line":9,"column":3}},"loc":{"start":{"line":9,"column":49},"end":{"line":16,"column":3}},"line":9},"1":{"name":"(anonymous_1)","decl":{"start":{"line":18,"column":2},"end":{"line":18,"column":3}},"loc":{"start":{"line":18,"column":49},"end":{"line":26,"column":3}},"line":18},"2":{"name":"(anonymous_2)","decl":{"start":{"line":28,"column":2},"end":{"line":28,"column":3}},"loc":{"start":{"line":28,"column":58},"end":{"line":35,"column":3}},"line":28},"3":{"name":"(anonymous_3)","decl":{"start":{"line":37,"column":2},"end":{"line":37,"column":3}},"loc":{"start":{"line":37,"column":55},"end":{"line":45,"column":3}},"line":37},"4":{"name":"(anonymous_4)","decl":{"start":{"line":47,"column":2},"end":{"line":47,"column":3}},"loc":{"start":{"line":47,"column":50},"end":{"line":55,"column":3}},"line":47},"5":{"name":"(anonymous_5)","decl":{"start":{"line":57,"column":2},"end":{"line":57,"column":3}},"loc":{"start":{"line":57,"column":36},"end":{"line":67,"column":3}},"line":57},"6":{"name":"(anonymous_6)","decl":{"start":{"line":69,"column":2},"end":{"line":69,"column":3}},"loc":{"start":{"line":69,"column":79},"end":{"line":73,"column":3}},"line":69}},"branchMap":{"0":{"loc":{"start":{"line":21,"column":13},"end":{"line":21,"column":43}},"type":"cond-expr","locations":[{"start":{"line":21,"column":20},"end":{"line":21,"column":36}},{"start":{"line":21,"column":39},"end":{"line":21,"column":43}}],"line":21},"1":{"loc":{"start":{"line":40,"column":13},"end":{"line":40,"column":43}},"type":"cond-expr","locations":[{"start":{"line":40,"column":20},"end":{"line":40,"column":36}},{"start":{"line":40,"column":39},"end":{"line":40,"column":43}}],"line":40},"2":{"loc":{"start":{"line":50,"column":13},"end":{"line":50,"column":51}},"type":"cond-expr","locations":[{"start":{"line":50,"column":25},"end":{"line":50,"column":44}},{"start":{"line":50,"column":47},"end":{"line":50,"column":51}}],"line":50},"3":{"loc":{"start":{"line":69,"column":21},"end":{"line":69,"column":59}},"type":"default-arg","locations":[{"start":{"line":69,"column":40},"end":{"line":69,"column":59}}],"line":69},"4":{"loc":{"start":{"line":71,"column":4},"end":{"line":71,"column":31}},"type":"if","locations":[{"start":{"line":71,"column":4},"end":{"line":71,"column":31}},{"start":{},"end":{}}],"line":71}},"s":{"0":1,"1":1,"2":1,"3":1,"4":2,"5":2,"6":2,"7":0,"8":3,"9":3,"10":2,"11":1,"12":1,"13":2,"14":2,"15":2,"16":0,"17":2,"18":2,"19":2,"20":0,"21":0,"22":7,"23":7,"24":7,"25":0,"26":0,"27":1,"28":1,"29":0,"30":5,"31":5,"32":1,"33":4},"f":{"0":2,"1":3,"2":2,"3":2,"4":7,"5":1,"6":5},"b":{"0":[1,1],"1":[1,1],"2":[5,2],"3":[3],"4":[1,4]},"_coverageSchema":"1a1c01bbd47fc00a2c39e90264f33305004495a9","hash":"6374d6f8a38ba0e202490c7406a15e304a9557a6"}
,"/mnt/data/github_backup/Mobile-Application/Coffee_Project/frontend/src/screens/harvest/HarvestScreen.tsx": {"path":"/mnt/data/github_backup/Mobile-Application/Coffee_Project/frontend/src/screens/harvest/HarvestScreen.tsx","statementMap":{"0":{"start":{"line":18,"column":39},"end":{"line":207,"column":1}},"1":{"start":{"line":19,"column":21},"end":{"line":19,"column":41}},"2":{"start":{"line":20,"column":19},"end":{"line":20,"column":28}},"3":{"start":{"line":21,"column":38},"end":{"line":21,"column":50}},"4":{"start":{"line":22,"column":25},"end":{"line":22,"column":41}},"5":{"start":{"line":23,"column":34},"end":{"line":23,"column":57}},"6":{"start":{"line":24,"column":32},"end":{"line":24,"column":46}},"7":{"start":{"line":25,"column":38},"end":{"line":25,"column":53}},"8":{"start":{"line":27,"column":24},"end":{"line":42,"column":12}},"9":{"start":{"line":28,"column":4},"end":{"line":32,"column":5}},"10":{"start":{"line":29,"column":6},"end":{"line":29,"column":22}},"11":{"start":{"line":30,"column":6},"end":{"line":30,"column":24}},"12":{"start":{"line":31,"column":6},"end":{"line":31,"column":13}},"13":{"start":{"line":33,"column":4},"end":{"line":41,"column":5}},"14":{"start":{"line":34,"column":19},"end":{"line":34,"column":56}},"15":{"start":{"line":35,"column":6},"end":{"line":35,"column":24}},"16":{"start":{"line":37,"column":6},"end":{"line":37,"column":53}},"17":{"start":{"line":38,"column":6},"end":{"line":38,"column":22}},"18":{"start":{"line":40,"column":6},"end":{"line":40,"column":24}},"19":{"start":{"line":44,"column":2},"end":{"line":46,"column":22}},"20":{"start":{"line":45,"column":4},"end":{"line":45,"column":20}},"21":{"start":{"line":48,"column":20},"end":{"line":52,"column":3}},"22":{"start":{"line":49,"column":4},"end":{"line":49,"column":24}},"23":{"start":{"line":50,"column":4},"end":{"line":50,"column":26}},"24":{"start":{"line":51,"column":4},"end":{"line":51,"column":25}},"25":{"start":{"line":54,"column":23},"end":{"line":54,"column":71}},"26":{"start":{"line":54,"column":46},"end":{"line":54,"column":71}},"27":{"start":{"line":56,"column":21},"end":{"line":56,"column":77}},"28":{"start":{"line":56,"column":49},"end":{"line":56,"column":73}},"29":{"start":{"line":57,"column":22},"end":{"line":57,"column":75}},"30":{"start":{"line":57,"column":50},"end":{"line":57,"column":71}},"31":{"start":{"line":59,"column":2},"end":{"line":206,"column":4}},"32":{"start":{"line":71,"column":29},"end":{"line":71,"column":62}},"33":{"start":{"line":126,"column":27},"end":{"line":126,"column":81}},"34":{"start":{"line":127,"column":26},"end":{"line":127,"column":51}},"35":{"start":{"line":128,"column":33},"end":{"line":128,"column":132}},"36":{"start":{"line":129,"column":33},"end":{"line":129,"column":66}},"37":{"start":{"line":130,"column":29},"end":{"line":130,"column":66}},"38":{"start":{"line":132,"column":14},"end":{"line":175,"column":16}},"39":{"start":{"line":136,"column":33},"end":{"line":136,"column":90}},"40":{"start":{"line":200,"column":25},"end":{"line":200,"column":58}},"41":{"start":{"line":209,"column":15},"end":{"line":325,"column":2}}},"fnMap":{"0":{"name":"(anonymous_0)","decl":{"start":{"line":18,"column":39},"end":{"line":18,"column":40}},"loc":{"start":{"line":18,"column":45},"end":{"line":207,"column":1}},"line":18},"1":{"name":"(anonymous_1)","decl":{"start":{"line":27,"column":36},"end":{"line":27,"column":37}},"loc":{"start":{"line":27,"column":48},"end":{"line":42,"column":3}},"line":27},"2":{"name":"(anonymous_2)","decl":{"start":{"line":44,"column":12},"end":{"line":44,"column":13}},"loc":{"start":{"line":44,"column":18},"end":{"line":46,"column":3}},"line":44},"3":{"name":"(anonymous_3)","decl":{"start":{"line":48,"column":20},"end":{"line":48,"column":21}},"loc":{"start":{"line":48,"column":32},"end":{"line":52,"column":3}},"line":48},"4":{"name":"(anonymous_4)","decl":{"start":{"line":54,"column":23},"end":{"line":54,"column":24}},"loc":{"start":{"line":54,"column":46},"end":{"line":54,"column":71}},"line":54},"5":{"name":"(anonymous_5)","decl":{"start":{"line":56,"column":37},"end":{"line":56,"column":38}},"loc":{"start":{"line":56,"column":49},"end":{"line":56,"column":73}},"line":56},"6":{"name":"(anonymous_6)","decl":{"start":{"line":57,"column":38},"end":{"line":57,"column":39}},"loc":{"start":{"line":57,"column":50},"end":{"line":57,"column":71}},"line":57},"7":{"name":"(anonymous_7)","decl":{"start":{"line":71,"column":23},"end":{"line":71,"column":24}},"loc":{"start":{"line":71,"column":29},"end":{"line":71,"column":62}},"line":71},"8":{"name":"(anonymous_8)","decl":{"start":{"line":125,"column":25},"end":{"line":125,"column":26}},"loc":{"start":{"line":125,"column":37},"end":{"line":176,"column":13}},"line":125},"9":{"name":"(anonymous_9)","decl":{"start":{"line":136,"column":27},"end":{"line":136,"column":28}},"loc":{"start":{"line":136,"column":33},"end":{"line":136,"column":90}},"line":136},"10":{"name":"(anonymous_10)","decl":{"start":{"line":200,"column":19},"end":{"line":200,"column":20}},"loc":{"start":{"line":200,"column":25},"end":{"line":200,"column":58}},"line":200}},"branchMap":{"0":{"loc":{"start":{"line":28,"column":4},"end":{"line":32,"column":5}},"type":"if","locations":[{"start":{"line":28,"column":4},"end":{"line":32,"column":5}},{"start":{},"end":{}}],"line":28},"1":{"loc":{"start":{"line":56,"column":56},"end":{"line":56,"column":72}},"type":"binary-expr","locations":[{"start":{"line":56,"column":56},"end":{"line":56,"column":67}},{"start":{"line":56,"column":71},"end":{"line":56,"column":72}}],"line":56},"2":{"loc":{"start":{"line":57,"column":57},"end":{"line":57,"column":70}},"type":"binary-expr","locations":[{"start":{"line":57,"column":57},"end":{"line":57,"column":65}},{"start":{"line":57,"column":69},"end":{"line":57,"column":70}}],"line":57},"3":{"loc":{"start":{"line":116,"column":11},"end":{"line":177,"column":11}},"type":"cond-expr","locations":[{"start":{"line":117,"column":12},"end":{"line":123,"column":19}},{"start":{"line":125,"column":12},"end":{"line":176,"column":14}}],"line":116},"4":{"loc":{"start":{"line":126,"column":27},"end":{"line":126,"column":81}},"type":"cond-expr","locations":[{"start":{"line":126,"column":44},"end":{"line":126,"column":68}},{"start":{"line":126,"column":71},"end":{"line":126,"column":81}}],"line":126},"5":{"loc":{"start":{"line":129,"column":33},"end":{"line":129,"column":66}},"type":"binary-expr","locations":[{"start":{"line":129,"column":33},"end":{"line":129,"column":60}},{"start":{"line":129,"column":64},"end":{"line":129,"column":66}}],"line":129},"6":{"loc":{"start":{"line":149,"column":54},"end":{"line":149,"column":76}},"type":"binary-expr","locations":[{"start":{"line":149,"column":54},"end":{"line":149,"column":67}},{"start":{"line":149,"column":71},"end":{"line":149,"column":76}}],"line":149},"7":{"loc":{"start":{"line":151,"column":57},"end":{"line":151,"column":71}},"type":"binary-expr","locations":[{"start":{"line":151,"column":57},"end":{"line":151,"column":64}},{"start":{"line":151,"column":68},"end":{"line":151,"column":71}}],"line":151},"8":{"loc":{"start":{"line":153,"column":57},"end":{"line":153,"column":76}},"type":"binary-expr","locations":[{"start":{"line":153,"column":57},"end":{"line":153,"column":66}},{"start":{"line":153,"column":70},"end":{"line":153,"column":76}}],"line":153},"9":{"loc":{"start":{"line":159,"column":78},"end":{"line":159,"column":94}},"type":"binary-expr","locations":[{"start":{"line":159,"column":78},"end":{"line":159,"column":89}},{"start":{"line":159,"column":93},"end":{"line":159,"column":94}}],"line":159},"10":{"loc":{"start":{"line":167,"column":42},"end":{"line":167,"column":55}},"type":"binary-expr","locations":[{"start":{"line":167,"column":42},"end":{"line":167,"column":50}},{"start":{"line":167,"column":54},"end":{"line":167,"column":55}}],"line":167}},"s":{"0":3,"1":0,"2":0,"3":0,"4":0,"5":0,"6":0,"7":0,"8":0,"9":0,"10":0,"11":0,"12":0,"13":0,"14":0,"15":0,"16":0,"17":0,"18":0,"19":0,"20":0,"21":0,"22":0,"23":0,"24":0,"25":0,"26":0,"27":0,"28":0,"29":0,"30":0,"31":0,"32":0,"33":0,"34":0,"35":0,"36":0,"37":0,"38":0,"39":0,"40":0,"41":3},"f":{"0":0,"1":0,"2":0,"3":0,"4":0,"5":0,"6":0,"7":0,"8":0,"9":0,"10":0},"b":{"0":[0,0],"1":[0,0],"2":[0,0],"3":[0,0],"4":[0,0],"5":[0,0],"6":[0,0],"7":[0,0],"8":[0,0],"9":[0,0],"10":[0,0]},"_coverageSchema":"1a1c01bbd47fc00a2c39e90264f33305004495a9","hash":"ad7d09a7b81e240a86f2219843b8162196e2f11d"}
,"/mnt/data/github_backup/Mobile-Application/Coffee_Project/frontend/src/screens/home/HomeScreen.tsx": {"path":"/mnt/data/github_backup/Mobile-Application/Coffee_Project/frontend/src/screens/home/HomeScreen.tsx","statementMap":{"0":{"start":{"line":16,"column":16},"end":{"line":16,"column":25}},"1":{"start":{"line":17,"column":21},"end":{"line":17,"column":30}},"2":{"start":{"line":19,"column":41},"end":{"line":226,"column":1}},"3":{"start":{"line":20,"column":19},"end":{"line":20,"column":28}},"4":{"start":{"line":21,"column":38},"end":{"line":21,"column":53}},"5":{"start":{"line":22,"column":46},"end":{"line":22,"column":69}},"6":{"start":{"line":23,"column":28},"end":{"line":28,"column":4}},"7":{"start":{"line":30,"column":20},"end":{"line":49,"column":12}},"8":{"start":{"line":31,"column":4},"end":{"line":31,"column":27}},"9":{"start":{"line":31,"column":20},"end":{"line":31,"column":27}},"10":{"start":{"line":32,"column":4},"end":{"line":48,"column":5}},"11":{"start":{"line":33,"column":52},"end":{"line":37,"column":8}},"12":{"start":{"line":39,"column":6},"end":{"line":44,"column":9}},"13":{"start":{"line":45,"column":6},"end":{"line":45,"column":46}},"14":{"start":{"line":47,"column":6},"end":{"line":47,"column":55}},"15":{"start":{"line":51,"column":2},"end":{"line":53,"column":18}},"16":{"start":{"line":52,"column":4},"end":{"line":52,"column":16}},"17":{"start":{"line":55,"column":20},"end":{"line":59,"column":3}},"18":{"start":{"line":56,"column":4},"end":{"line":56,"column":24}},"19":{"start":{"line":57,"column":4},"end":{"line":57,"column":22}},"20":{"start":{"line":58,"column":4},"end":{"line":58,"column":25}},"21":{"start":{"line":61,"column":23},"end":{"line":61,"column":71}},"22":{"start":{"line":61,"column":46},"end":{"line":61,"column":71}},"23":{"start":{"line":62,"column":25},"end":{"line":66,"column":3}},"24":{"start":{"line":63,"column":4},"end":{"line":63,"column":60}},"25":{"start":{"line":63,"column":22},"end":{"line":63,"column":60}},"26":{"start":{"line":64,"column":4},"end":{"line":64,"column":54}},"27":{"start":{"line":64,"column":19},"end":{"line":64,"column":54}},"28":{"start":{"line":65,"column":4},"end":{"line":65,"column":37}},"29":{"start":{"line":67,"column":19},"end":{"line":67,"column":81}},"30":{"start":{"line":69,"column":2},"end":{"line":225,"column":4}},"31":{"start":{"line":86,"column":31},"end":{"line":86,"column":64}},"32":{"start":{"line":139,"column":18},"end":{"line":139,"column":118}},"33":{"start":{"line":139,"column":24},"end":{"line":139,"column":95}},"34":{"start":{"line":150,"column":31},"end":{"line":150,"column":64}},"35":{"start":{"line":170,"column":49},"end":{"line":170,"column":82}},"36":{"start":{"line":186,"column":20},"end":{"line":186,"column":120}},"37":{"start":{"line":186,"column":26},"end":{"line":186,"column":97}},"38":{"start":{"line":195,"column":29},"end":{"line":195,"column":83}},"39":{"start":{"line":196,"column":28},"end":{"line":196,"column":53}},"40":{"start":{"line":197,"column":35},"end":{"line":197,"column":134}},"41":{"start":{"line":198,"column":30},"end":{"line":198,"column":63}},"42":{"start":{"line":200,"column":16},"end":{"line":218,"column":18}},"43":{"start":{"line":228,"column":15},"end":{"line":334,"column":2}}},"fnMap":{"0":{"name":"(anonymous_0)","decl":{"start":{"line":19,"column":41},"end":{"line":19,"column":42}},"loc":{"start":{"line":19,"column":61},"end":{"line":226,"column":1}},"line":19},"1":{"name":"(anonymous_1)","decl":{"start":{"line":30,"column":32},"end":{"line":30,"column":33}},"loc":{"start":{"line":30,"column":44},"end":{"line":49,"column":3}},"line":30},"2":{"name":"(anonymous_2)","decl":{"start":{"line":51,"column":12},"end":{"line":51,"column":13}},"loc":{"start":{"line":51,"column":18},"end":{"line":53,"column":3}},"line":51},"3":{"name":"(anonymous_3)","decl":{"start":{"line":55,"column":20},"end":{"line":55,"column":21}},"loc":{"start":{"line":55,"column":32},"end":{"line":59,"column":3}},"line":55},"4":{"name":"(anonymous_4)","decl":{"start":{"line":61,"column":23},"end":{"line":61,"column":24}},"loc":{"start":{"line":61,"column":46},"end":{"line":61,"column":71}},"line":61},"5":{"name":"(anonymous_5)","decl":{"start":{"line":62,"column":25},"end":{"line":62,"column":26}},"loc":{"start":{"line":62,"column":48},"end":{"line":66,"column":3}},"line":62},"6":{"name":"(anonymous_6)","decl":{"start":{"line":86,"column":25},"end":{"line":86,"column":26}},"loc":{"start":{"line":86,"column":31},"end":{"line":86,"column":64}},"line":86},"7":{"name":"(anonymous_7)","decl":{"start":{"line":138,"column":25},"end":{"line":138,"column":26}},"loc":{"start":{"line":138,"column":31},"end":{"line":140,"column":17}},"line":138},"8":{"name":"(anonymous_8)","decl":{"start":{"line":150,"column":25},"end":{"line":150,"column":26}},"loc":{"start":{"line":150,"column":31},"end":{"line":150,"column":64}},"line":150},"9":{"name":"(anonymous_9)","decl":{"start":{"line":170,"column":43},"end":{"line":170,"column":44}},"loc":{"start":{"line":170,"column":49},"end":{"line":170,"column":82}},"line":170},"10":{"name":"(anonymous_10)","decl":{"start":{"line":185,"column":27},"end":{"line":185,"column":28}},"loc":{"start":{"line":185,"column":33},"end":{"line":187,"column":19}},"line":185},"11":{"name":"(anonymous_11)","decl":{"start":{"line":194,"column":33},"end":{"line":194,"column":34}},"loc":{"start":{"line":194,"column":45},"end":{"line":219,"column":15}},"line":194}},"branchMap":{"0":{"loc":{"start":{"line":31,"column":4},"end":{"line":31,"column":27}},"type":"if","locations":[{"start":{"line":31,"column":4},"end":{"line":31,"column":27}},{"start":{},"end":{}}],"line":31},"1":{"loc":{"start":{"line":63,"column":4},"end":{"line":63,"column":60}},"type":"if","locations":[{"start":{"line":63,"column":4},"end":{"line":63,"column":60}},{"start":{},"end":{}}],"line":63},"2":{"loc":{"start":{"line":64,"column":4},"end":{"line":64,"column":54}},"type":"if","locations":[{"start":{"line":64,"column":4},"end":{"line":64,"column":54}},{"start":{},"end":{}}],"line":64},"3":{"loc":{"start":{"line":67,"column":19},"end":{"line":67,"column":81}},"type":"binary-expr","locations":[{"start":{"line":67,"column":19},"end":{"line":67,"column":36}},{"start":{"line":67,"column":40},"end":{"line":67,"column":66}},{"start":{"line":67,"column":70},"end":{"line":67,"column":81}}],"line":67},"4":{"loc":{"start":{"line":103,"column":17},"end":{"line":103,"column":78}},"type":"cond-expr","locations":[{"start":{"line":103,"column":41},"end":{"line":103,"column":72}},{"start":{"line":103,"column":75},"end":{"line":103,"column":78}}],"line":103},"5":{"loc":{"start":{"line":105,"column":15},"end":{"line":107,"column":15}},"type":"binary-expr","locations":[{"start":{"line":105,"column":15},"end":{"line":105,"column":38}},{"start":{"line":106,"column":16},"end":{"line":106,"column":84}}],"line":105},"6":{"loc":{"start":{"line":164,"column":19},"end":{"line":166,"column":51}},"type":"cond-expr","locations":[{"start":{"line":165,"column":22},"end":{"line":165,"column":61}},{"start":{"line":166,"column":22},"end":{"line":166,"column":51}}],"line":164},"7":{"loc":{"start":{"line":169,"column":15},"end":{"line":173,"column":15}},"type":"binary-expr","locations":[{"start":{"line":169,"column":15},"end":{"line":169,"column":40}},{"start":{"line":170,"column":16},"end":{"line":172,"column":35}}],"line":169},"8":{"loc":{"start":{"line":176,"column":13},"end":{"line":220,"column":13}},"type":"cond-expr","locations":[{"start":{"line":177,"column":14},"end":{"line":192,"column":21}},{"start":{"line":194,"column":14},"end":{"line":219,"column":16}}],"line":176},"9":{"loc":{"start":{"line":195,"column":29},"end":{"line":195,"column":83}},"type":"cond-expr","locations":[{"start":{"line":195,"column":46},"end":{"line":195,"column":70}},{"start":{"line":195,"column":73},"end":{"line":195,"column":83}}],"line":195},"10":{"loc":{"start":{"line":198,"column":30},"end":{"line":198,"column":63}},"type":"binary-expr","locations":[{"start":{"line":198,"column":30},"end":{"line":198,"column":57}},{"start":{"line":198,"column":61},"end":{"line":198,"column":63}}],"line":198},"11":{"loc":{"start":{"line":201,"column":29},"end":{"line":201,"column":40}},"type":"binary-expr","locations":[{"start":{"line":201,"column":29},"end":{"line":201,"column":33}},{"start":{"line":201,"column":37},"end":{"line":201,"column":40}}],"line":201},"12":{"loc":{"start":{"line":208,"column":25},"end":{"line":208,"column":51}},"type":"binary-expr","locations":[{"start":{"line":208,"column":25},"end":{"line":208,"column":38}},{"start":{"line":208,"column":42},"end":{"line":208,"column":51}}],"line":208},"13":{"loc":{"start":{"line":211,"column":25},"end":{"line":211,"column":44}},"type":"binary-expr","locations":[{"start":{"line":211,"column":25},"end":{"line":211,"column":34}},{"start":{"line":211,"column":38},"end":{"line":211,"column":44}}],"line":211},"14":{"loc":{"start":{"line":215,"column":54},"end":{"line":215,"column":68}},"type":"binary-expr","locations":[{"start":{"line":215,"column":54},"end":{"line":215,"column":61}},{"start":{"line":215,"column":65},"end":{"line":215,"column":68}}],"line":215}},"s":{"0":3,"1":3,"2":3,"3":0,"4":0,"5":0,"6":0,"7":0,"8":0,"9":0,"10":0,"11":0,"12":0,"13":0,"14":0,"15":0,"16":0,"17":0,"18":0,"19":0,"20":0,"21":0,"22":0,"23":0,"24":0,"25":0,"26":0,"27":0,"28":0,"29":0,"30":0,"31":0,"32":0,"33":0,"34":0,"35":0,"36":0,"37":0,"38":0,"39":0,"40":0,"41":0,"42":0,"43":3},"f":{"0":0,"1":0,"2":0,"3":0,"4":0,"5":0,"6":0,"7":0,"8":0,"9":0,"10":0,"11":0},"b":{"0":[0,0],"1":[0,0],"2":[0,0],"3":[0,0,0],"4":[0,0],"5":[0,0],"6":[0,0],"7":[0,0],"8":[0,0],"9":[0,0],"10":[0,0],"11":[0,0],"12":[0,0],"13":[0,0],"14":[0,0]},"_coverageSchema":"1a1c01bbd47fc00a2c39e90264f33305004495a9","hash":"da4e8e328064cdfed7fe0826e0e2c47de8c20486"}
,"/mnt/data/github_backup/Mobile-Application/Coffee_Project/frontend/src/screens/price/PriceScreen.tsx": {"path":"/mnt/data/github_backup/Mobile-Application/Coffee_Project/frontend/src/screens/price/PriceScreen.tsx","statementMap":{"0":{"start":{"line":9,"column":37},"end":{"line":199,"column":1}},"1":{"start":{"line":10,"column":19},"end":{"line":10,"column":28}},"2":{"start":{"line":11,"column":38},"end":{"line":11,"column":53}},"3":{"start":{"line":12,"column":36},"end":{"line":12,"column":55}},"4":{"start":{"line":13,"column":46},"end":{"line":13,"column":92}},"5":{"start":{"line":14,"column":40},"end":{"line":14,"column":88}},"6":{"start":{"line":16,"column":20},"end":{"line":49,"column":12}},"7":{"start":{"line":17,"column":4},"end":{"line":17,"column":27}},"8":{"start":{"line":17,"column":20},"end":{"line":17,"column":27}},"9":{"start":{"line":18,"column":4},"end":{"line":48,"column":5}},"10":{"start":{"line":19,"column":55},"end":{"line":23,"column":8}},"11":{"start":{"line":25,"column":6},"end":{"line":29,"column":11}},"12":{"start":{"line":25,"column":42},"end":{"line":29,"column":7}},"13":{"start":{"line":31,"column":6},"end":{"line":34,"column":9}},"14":{"start":{"line":37,"column":25},"end":{"line":37,"column":124}},"15":{"start":{"line":38,"column":26},"end":{"line":38,"column":47}},"16":{"start":{"line":39,"column":6},"end":{"line":44,"column":9}},"17":{"start":{"line":40,"column":8},"end":{"line":43,"column":9}},"18":{"start":{"line":41,"column":20},"end":{"line":41,"column":44}},"19":{"start":{"line":42,"column":10},"end":{"line":42,"column":56}},"20":{"start":{"line":45,"column":6},"end":{"line":45,"column":86}},"21":{"start":{"line":45,"column":47},"end":{"line":45,"column":82}},"22":{"start":{"line":47,"column":6},"end":{"line":47,"column":55}},"23":{"start":{"line":51,"column":2},"end":{"line":53,"column":18}},"24":{"start":{"line":52,"column":4},"end":{"line":52,"column":16}},"25":{"start":{"line":55,"column":20},"end":{"line":59,"column":3}},"26":{"start":{"line":56,"column":4},"end":{"line":56,"column":24}},"27":{"start":{"line":57,"column":4},"end":{"line":57,"column":22}},"28":{"start":{"line":58,"column":4},"end":{"line":58,"column":25}},"29":{"start":{"line":61,"column":23},"end":{"line":61,"column":71}},"30":{"start":{"line":61,"column":46},"end":{"line":61,"column":71}},"31":{"start":{"line":66,"column":25},"end":{"line":95,"column":3}},"32":{"start":{"line":67,"column":19},"end":{"line":67,"column":100}},"33":{"start":{"line":67,"column":88},"end":{"line":67,"column":95}},"34":{"start":{"line":68,"column":27},"end":{"line":68,"column":30}},"35":{"start":{"line":70,"column":4},"end":{"line":94,"column":6}},"36":{"start":{"line":74,"column":27},"end":{"line":74,"column":79}},"37":{"start":{"line":75,"column":26},"end":{"line":75,"column":59}},"38":{"start":{"line":76,"column":12},"end":{"line":90,"column":14}},"39":{"start":{"line":98,"column":24},"end":{"line":100,"column":9}},"40":{"start":{"line":102,"column":2},"end":{"line":198,"column":4}},"41":{"start":{"line":177,"column":16},"end":{"line":181,"column":23}},"42":{"start":{"line":201,"column":15},"end":{"line":291,"column":2}}},"fnMap":{"0":{"name":"(anonymous_0)","decl":{"start":{"line":9,"column":37},"end":{"line":9,"column":38}},"loc":{"start":{"line":9,"column":43},"end":{"line":199,"column":1}},"line":9},"1":{"name":"(anonymous_1)","decl":{"start":{"line":16,"column":32},"end":{"line":16,"column":33}},"loc":{"start":{"line":16,"column":44},"end":{"line":49,"column":3}},"line":16},"2":{"name":"(anonymous_2)","decl":{"start":{"line":25,"column":29},"end":{"line":25,"column":30}},"loc":{"start":{"line":25,"column":42},"end":{"line":29,"column":7}},"line":25},"3":{"name":"(anonymous_3)","decl":{"start":{"line":39,"column":26},"end":{"line":39,"column":27}},"loc":{"start":{"line":39,"column":38},"end":{"line":44,"column":7}},"line":39},"4":{"name":"(anonymous_4)","decl":{"start":{"line":45,"column":36},"end":{"line":45,"column":37}},"loc":{"start":{"line":45,"column":47},"end":{"line":45,"column":82}},"line":45},"5":{"name":"(anonymous_5)","decl":{"start":{"line":51,"column":12},"end":{"line":51,"column":13}},"loc":{"start":{"line":51,"column":18},"end":{"line":53,"column":3}},"line":51},"6":{"name":"(anonymous_6)","decl":{"start":{"line":55,"column":20},"end":{"line":55,"column":21}},"loc":{"start":{"line":55,"column":32},"end":{"line":59,"column":3}},"line":55},"7":{"name":"(anonymous_7)","decl":{"start":{"line":61,"column":23},"end":{"line":61,"column":24}},"loc":{"start":{"line":61,"column":46},"end":{"line":61,"column":71}},"line":61},"8":{"name":"(anonymous_8)","decl":{"start":{"line":66,"column":25},"end":{"line":66,"column":26}},"loc":{"start":{"line":66,"column":31},"end":{"line":95,"column":3}},"line":66},"9":{"name":"(anonymous_9)","decl":{"start":{"line":67,"column":47},"end":{"line":67,"column":48}},"loc":{"start":{"line":67,"column":88},"end":{"line":67,"column":95}},"line":67},"10":{"name":"(anonymous_10)","decl":{"start":{"line":73,"column":27},"end":{"line":73,"column":28}},"loc":{"start":{"line":73,"column":79},"end":{"line":91,"column":11}},"line":73},"11":{"name":"(anonymous_11)","decl":{"start":{"line":176,"column":29},"end":{"line":176,"column":30}},"loc":{"start":{"line":177,"column":16},"end":{"line":181,"column":23}},"line":177}},"branchMap":{"0":{"loc":{"start":{"line":17,"column":4},"end":{"line":17,"column":27}},"type":"if","locations":[{"start":{"line":17,"column":4},"end":{"line":17,"column":27}},{"start":{},"end":{}}],"line":17},"1":{"loc":{"start":{"line":26,"column":14},"end":{"line":26,"column":29}},"type":"binary-expr","locations":[{"start":{"line":26,"column":14},"end":{"line":26,"column":20}},{"start":{"line":26,"column":24},"end":{"line":26,"column":29}}],"line":26},"2":{"loc":{"start":{"line":27,"column":15},"end":{"line":27,"column":30}},"type":"binary-expr","locations":[{"start":{"line":27,"column":15},"end":{"line":27,"column":25}},{"start":{"line":27,"column":29},"end":{"line":27,"column":30}}],"line":27},"3":{"loc":{"start":{"line":28,"column":19},"end":{"line":28,"column":36}},"type":"binary-expr","locations":[{"start":{"line":28,"column":19},"end":{"line":28,"column":31}},{"start":{"line":28,"column":35},"end":{"line":28,"column":36}}],"line":28},"4":{"loc":{"start":{"line":40,"column":8},"end":{"line":43,"column":9}},"type":"if","locations":[{"start":{"line":40,"column":8},"end":{"line":43,"column":9}},{"start":{},"end":{}}],"line":40},"5":{"loc":{"start":{"line":42,"column":39},"end":{"line":42,"column":55}},"type":"binary-expr","locations":[{"start":{"line":42,"column":39},"end":{"line":42,"column":50}},{"start":{"line":42,"column":54},"end":{"line":42,"column":55}}],"line":42},"6":{"loc":{"start":{"line":74,"column":27},"end":{"line":74,"column":79}},"type":"cond-expr","locations":[{"start":{"line":74,"column":40},"end":{"line":74,"column":75}},{"start":{"line":74,"column":78},"end":{"line":74,"column":79}}],"line":74},"7":{"loc":{"start":{"line":75,"column":26},"end":{"line":75,"column":59}},"type":"binary-expr","locations":[{"start":{"line":75,"column":26},"end":{"line":75,"column":44}},{"start":{"line":75,"column":48},"end":{"line":75,"column":59}}],"line":75},"8":{"loc":{"start":{"line":83,"column":39},"end":{"line":83,"column":77}},"type":"cond-expr","locations":[{"start":{"line":83,"column":47},"end":{"line":83,"column":58}},{"start":{"line":83,"column":61},"end":{"line":83,"column":77}}],"line":83},"9":{"loc":{"start":{"line":84,"column":31},"end":{"line":84,"column":46}},"type":"cond-expr","locations":[{"start":{"line":84,"column":39},"end":{"line":84,"column":40}},{"start":{"line":84,"column":43},"end":{"line":84,"column":46}}],"line":84},"10":{"loc":{"start":{"line":98,"column":24},"end":{"line":100,"column":9}},"type":"cond-expr","locations":[{"start":{"line":99,"column":6},"end":{"line":99,"column":76}},{"start":{"line":100,"column":6},"end":{"line":100,"column":9}}],"line":98},"11":{"loc":{"start":{"line":133,"column":13},"end":{"line":135,"column":13}},"type":"binary-expr","locations":[{"start":{"line":133,"column":13},"end":{"line":133,"column":46}},{"start":{"line":134,"column":14},"end":{"line":134,"column":72}}],"line":133},"12":{"loc":{"start":{"line":158,"column":11},"end":{"line":160,"column":11}},"type":"cond-expr","locations":[{"start":{"line":158,"column":36},"end":{"line":158,"column":52}},{"start":{"line":159,"column":12},"end":{"line":159,"column":72}}],"line":158},"13":{"loc":{"start":{"line":164,"column":11},"end":{"line":184,"column":11}},"type":"cond-expr","locations":[{"start":{"line":165,"column":12},"end":{"line":167,"column":19}},{"start":{"line":169,"column":12},"end":{"line":183,"column":19}}],"line":164},"14":{"loc":{"start":{"line":177,"column":55},"end":{"line":177,"column":88}},"type":"binary-expr","locations":[{"start":{"line":177,"column":55},"end":{"line":177,"column":66}},{"start":{"line":177,"column":70},"end":{"line":177,"column":88}}],"line":177},"15":{"loc":{"start":{"line":190,"column":15},"end":{"line":192,"column":69}},"type":"cond-expr","locations":[{"start":{"line":191,"column":18},"end":{"line":191,"column":214}},{"start":{"line":192,"column":18},"end":{"line":192,"column":69}}],"line":190}},"s":{"0":3,"1":0,"2":0,"3":0,"4":0,"5":0,"6":0,"7":0,"8":0,"9":0,"10":0,"11":0,"12":0,"13":0,"14":0,"15":0,"16":0,"17":0,"18":0,"19":0,"20":0,"21":0,"22":0,"23":0,"24":0,"25":0,"26":0,"27":0,"28":0,"29":0,"30":0,"31":0,"32":0,"33":0,"34":0,"35":0,"36":0,"37":0,"38":0,"39":0,"40":0,"41":0,"42":3},"f":{"0":0,"1":0,"2":0,"3":0,"4":0,"5":0,"6":0,"7":0,"8":0,"9":0,"10":0,"11":0},"b":{"0":[0,0],"1":[0,0],"2":[0,0],"3":[0,0],"4":[0,0],"5":[0,0],"6":[0,0],"7":[0,0],"8":[0,0],"9":[0,0],"10":[0,0],"11":[0,0],"12":[0,0],"13":[0,0],"14":[0,0],"15":[0,0]},"_coverageSchema":"1a1c01bbd47fc00a2c39e90264f33305004495a9","hash":"19494ef8362deb7f74293d0597f3dc55e70a43ee"}
,"/mnt/data/github_backup/Mobile-Application/Coffee_Project/frontend/src/screens/profile/ProfileScreen.tsx": {"path":"/mnt/data/github_backup/Mobile-Application/Coffee_Project/frontend/src/screens/profile/ProfileScreen.tsx","statementMap":{"0":{"start":{"line":10,"column":20},"end":{"line":10,"column":28}},"1":{"start":{"line":21,"column":39},"end":{"line":202,"column":1}},"2":{"start":{"line":22,"column":21},"end":{"line":22,"column":41}},"3":{"start":{"line":23,"column":28},"end":{"line":23,"column":37}},"4":{"start":{"line":24,"column":36},"end":{"line":24,"column":47}},"5":{"start":{"line":25,"column":42},"end":{"line":25,"column":53}},"6":{"start":{"line":26,"column":40},"end":{"line":26,"column":51}},"7":{"start":{"line":27,"column":38},"end":{"line":27,"column":53}},"8":{"start":{"line":29,"column":27},"end":{"line":43,"column":12}},"9":{"start":{"line":30,"column":4},"end":{"line":30,"column":27}},"10":{"start":{"line":30,"column":20},"end":{"line":30,"column":27}},"11":{"start":{"line":31,"column":4},"end":{"line":42,"column":5}},"12":{"start":{"line":32,"column":41},"end":{"line":36,"column":8}},"13":{"start":{"line":37,"column":6},"end":{"line":37,"column":26}},"14":{"start":{"line":38,"column":6},"end":{"line":38,"column":42}},"15":{"start":{"line":39,"column":6},"end":{"line":39,"column":39}},"16":{"start":{"line":41,"column":6},"end":{"line":41,"column":57}},"17":{"start":{"line":45,"column":2},"end":{"line":47,"column":25}},"18":{"start":{"line":46,"column":4},"end":{"line":46,"column":23}},"19":{"start":{"line":49,"column":20},"end":{"line":53,"column":3}},"20":{"start":{"line":50,"column":4},"end":{"line":50,"column":24}},"21":{"start":{"line":51,"column":4},"end":{"line":51,"column":29}},"22":{"start":{"line":52,"column":4},"end":{"line":52,"column":25}},"23":{"start":{"line":55,"column":23},"end":{"line":70,"column":3}},"24":{"start":{"line":56,"column":4},"end":{"line":69,"column":6}},"25":{"start":{"line":65,"column":12},"end":{"line":65,"column":28}},"26":{"start":{"line":72,"column":39},"end":{"line":76,"column":3}},"27":{"start":{"line":75,"column":70},"end":{"line":75,"column":159}},"28":{"start":{"line":75,"column":76},"end":{"line":75,"column":136}},"29":{"start":{"line":78,"column":36},"end":{"line":82,"column":3}},"30":{"start":{"line":79,"column":94},"end":{"line":79,"column":174}},"31":{"start":{"line":79,"column":100},"end":{"line":79,"column":151}},"32":{"start":{"line":80,"column":109},"end":{"line":80,"column":192}},"33":{"start":{"line":80,"column":115},"end":{"line":80,"column":169}},"34":{"start":{"line":81,"column":76},"end":{"line":81,"column":157}},"35":{"start":{"line":81,"column":82},"end":{"line":81,"column":134}},"36":{"start":{"line":84,"column":25},"end":{"line":109,"column":3}},"37":{"start":{"line":85,"column":4},"end":{"line":108,"column":23}},"38":{"start":{"line":111,"column":19},"end":{"line":111,"column":81}},"39":{"start":{"line":112,"column":20},"end":{"line":112,"column":37}},"40":{"start":{"line":113,"column":23},"end":{"line":113,"column":71}},"41":{"start":{"line":113,"column":46},"end":{"line":113,"column":71}},"42":{"start":{"line":115,"column":2},"end":{"line":201,"column":4}},"43":{"start":{"line":121,"column":45},"end":{"line":121,"column":134}},"44":{"start":{"line":121,"column":51},"end":{"line":121,"column":111}},"45":{"start":{"line":204,"column":16},"end":{"line":204,"column":25}},"46":{"start":{"line":205,"column":21},"end":{"line":205,"column":30}},"47":{"start":{"line":207,"column":15},"end":{"line":287,"column":2}}},"fnMap":{"0":{"name":"(anonymous_0)","decl":{"start":{"line":21,"column":39},"end":{"line":21,"column":40}},"loc":{"start":{"line":21,"column":45},"end":{"line":202,"column":1}},"line":21},"1":{"name":"(anonymous_1)","decl":{"start":{"line":29,"column":39},"end":{"line":29,"column":40}},"loc":{"start":{"line":29,"column":51},"end":{"line":43,"column":3}},"line":29},"2":{"name":"(anonymous_2)","decl":{"start":{"line":45,"column":12},"end":{"line":45,"column":13}},"loc":{"start":{"line":45,"column":18},"end":{"line":47,"column":3}},"line":45},"3":{"name":"(anonymous_3)","decl":{"start":{"line":49,"column":20},"end":{"line":49,"column":21}},"loc":{"start":{"line":49,"column":32},"end":{"line":53,"column":3}},"line":49},"4":{"name":"(anonymous_4)","decl":{"start":{"line":55,"column":23},"end":{"line":55,"column":24}},"loc":{"start":{"line":55,"column":29},"end":{"line":70,"column":3}},"line":55},"5":{"name":"(anonymous_5)","decl":{"start":{"line":64,"column":19},"end":{"line":64,"column":20}},"loc":{"start":{"line":64,"column":31},"end":{"line":66,"column":11}},"line":64},"6":{"name":"(anonymous_6)","decl":{"start":{"line":73,"column":62},"end":{"line":73,"column":63}},"loc":{"start":{"line":73,"column":68},"end":{"line":73,"column":107}},"line":73},"7":{"name":"(anonymous_7)","decl":{"start":{"line":74,"column":69},"end":{"line":74,"column":70}},"loc":{"start":{"line":74,"column":75},"end":{"line":74,"column":116}},"line":74},"8":{"name":"(anonymous_8)","decl":{"start":{"line":75,"column":62},"end":{"line":75,"column":63}},"loc":{"start":{"line":75,"column":68},"end":{"line":75,"column":161}},"line":75},"9":{"name":"(anonymous_9)","decl":{"start":{"line":79,"column":86},"end":{"line":79,"column":87}},"loc":{"start":{"line":79,"column":92},"end":{"line":79,"column":176}},"line":79},"10":{"name":"(anonymous_10)","decl":{"start":{"line":80,"column":101},"end":{"line":80,"column":102}},"loc":{"start":{"line":80,"column":107},"end":{"line":80,"column":194}},"line":80},"11":{"name":"(anonymous_11)","decl":{"start":{"line":81,"column":68},"end":{"line":81,"column":69}},"loc":{"start":{"line":81,"column":74},"end":{"line":81,"column":159}},"line":81},"12":{"name":"(anonymous_12)","decl":{"start":{"line":84,"column":25},"end":{"line":84,"column":26}},"loc":{"start":{"line":85,"column":4},"end":{"line":108,"column":23}},"line":85},"13":{"name":"(anonymous_13)","decl":{"start":{"line":113,"column":23},"end":{"line":113,"column":24}},"loc":{"start":{"line":113,"column":46},"end":{"line":113,"column":71}},"line":113},"14":{"name":"(anonymous_14)","decl":{"start":{"line":121,"column":37},"end":{"line":121,"column":38}},"loc":{"start":{"line":121,"column":43},"end":{"line":121,"column":136}},"line":121}},"branchMap":{"0":{"loc":{"start":{"line":30,"column":4},"end":{"line":30,"column":27}},"type":"if","locations":[{"start":{"line":30,"column":4},"end":{"line":30,"column":27}},{"start":{},"end":{}}],"line":30},"1":{"loc":{"start":{"line":91,"column":37},"end":{"line":91,"column":85}},"type":"binary-expr","locations":[{"start":{"line":91,"column":37},"end":{"line":91,"column":55}},{"start":{"line":91,"column":59},"end":{"line":91,"column":85}}],"line":91},"2":{"loc":{"start":{"line":95,"column":17},"end":{"line":95,"column":73}},"type":"cond-expr","locations":[{"start":{"line":95,"column":38},"end":{"line":95,"column":50}},{"start":{"line":95,"column":53},"end":{"line":95,"column":73}}],"line":95},"3":{"loc":{"start":{"line":99,"column":40},"end":{"line":99,"column":89}},"type":"binary-expr","locations":[{"start":{"line":99,"column":40},"end":{"line":99,"column":58}},{"start":{"line":99,"column":62},"end":{"line":99,"column":89}}],"line":99},"4":{"loc":{"start":{"line":102,"column":9},"end":{"line":102,"column":76}},"type":"binary-expr","locations":[{"start":{"line":102,"column":9},"end":{"line":102,"column":20}},{"start":{"line":102,"column":24},"end":{"line":102,"column":76}}],"line":102},"5":{"loc":{"start":{"line":105,"column":9},"end":{"line":105,"column":72}},"type":"binary-expr","locations":[{"start":{"line":105,"column":9},"end":{"line":105,"column":29}},{"start":{"line":105,"column":33},"end":{"line":105,"column":72}}],"line":105},"6":{"loc":{"start":{"line":111,"column":19},"end":{"line":111,"column":81}},"type":"binary-expr","locations":[{"start":{"line":111,"column":19},"end":{"line":111,"column":36}},{"start":{"line":111,"column":40},"end":{"line":111,"column":66}},{"start":{"line":111,"column":70},"end":{"line":111,"column":81}}],"line":111},"7":{"loc":{"start":{"line":112,"column":20},"end":{"line":112,"column":37}},"type":"binary-expr","locations":[{"start":{"line":112,"column":20},"end":{"line":112,"column":31}},{"start":{"line":112,"column":35},"end":{"line":112,"column":37}}],"line":112},"8":{"loc":{"start":{"line":143,"column":44},"end":{"line":143,"column":69}},"type":"binary-expr","locations":[{"start":{"line":143,"column":44},"end":{"line":143,"column":53}},{"start":{"line":143,"column":57},"end":{"line":143,"column":69}}],"line":143},"9":{"loc":{"start":{"line":164,"column":48},"end":{"line":164,"column":97}},"type":"cond-expr","locations":[{"start":{"line":164,"column":66},"end":{"line":164,"column":91}},{"start":{"line":164,"column":94},"end":{"line":164,"column":97}}],"line":164}},"s":{"0":3,"1":3,"2":0,"3":0,"4":0,"5":0,"6":0,"7":0,"8":0,"9":0,"10":0,"11":0,"12":0,"13":0,"14":0,"15":0,"16":0,"17":0,"18":0,"19":0,"20":0,"21":0,"22":0,"23":0,"24":0,"25":0,"26":0,"27":0,"28":0,"29":0,"30":0,"31":0,"32":0,"33":0,"34":0,"35":0,"36":0,"37":0,"38":0,"39":0,"40":0,"41":0,"42":0,"43":0,"44":0,"45":3,"46":3,"47":3},"f":{"0":0,"1":0,"2":0,"3":0,"4":0,"5":0,"6":0,"7":0,"8":0,"9":0,"10":0,"11":0,"12":0,"13":0,"14":0},"b":{"0":[0,0],"1":[0,0],"2":[0,0],"3":[0,0],"4":[0,0],"5":[0,0],"6":[0,0,0],"7":[0,0],"8":[0,0],"9":[0,0]},"_coverageSchema":"1a1c01bbd47fc00a2c39e90264f33305004495a9","hash":"1f20401e7091cd51a246c5a7849aad528357502e"}
}
