TN:
SF:src/__tests__/lib/firebase.mock.ts
FN:8,(anonymous_0)
FN:9,(anonymous_1)
FN:28,(anonymous_2)
FN:29,(anonymous_3)
FN:44,(anonymous_4)
FN:45,(anonymous_5)
FN:48,(anonymous_6)
FN:61,(anonymous_7)
FN:62,(anonymous_8)
FN:63,(anonymous_9)
FN:64,(anonymous_10)
FN:65,(anonymous_11)
FN:66,(anonymous_12)
FN:67,(anonymous_13)
FN:68,(anonymous_14)
FN:69,(anonymous_15)
FN:70,(anonymous_16)
FN:71,(anonymous_17)
FN:72,(anonymous_18)
FN:77,(anonymous_19)
FN:80,(anonymous_20)
FN:81,(anonymous_21)
FN:82,(anonymous_22)
FN:83,(anonymous_23)
FN:86,(anonymous_24)
FN:87,(anonymous_25)
FNF:26
FNH:25
FNDA:3,(anonymous_0)
FNDA:4,(anonymous_1)
FNDA:2,(anonymous_2)
FNDA:4,(anonymous_3)
FNDA:4,(anonymous_4)
FNDA:2,(anonymous_5)
FNDA:10,(anonymous_6)
FNDA:4,(anonymous_7)
FNDA:8,(anonymous_8)
FNDA:30,(anonymous_9)
FNDA:21,(anonymous_10)
FNDA:32,(anonymous_11)
FNDA:25,(anonymous_12)
FNDA:12,(anonymous_13)
FNDA:6,(anonymous_14)
FNDA:21,(anonymous_15)
FNDA:21,(anonymous_16)
FNDA:16,(anonymous_17)
FNDA:25,(anonymous_18)
FNDA:4,(anonymous_19)
FNDA:4,(anonymous_20)
FNDA:4,(anonymous_21)
FNDA:4,(anonymous_22)
FNDA:0,(anonymous_23)
FNDA:4,(anonymous_24)
FNDA:4,(anonymous_25)
DA:6,4
DA:8,3
DA:9,4
DA:26,4
DA:28,2
DA:29,4
DA:42,4
DA:44,4
DA:45,2
DA:48,10
DA:55,4
DA:56,4
DA:57,4
DA:58,4
DA:59,4
DA:61,4
DA:62,8
DA:63,30
DA:64,21
DA:65,32
DA:66,25
DA:67,12
DA:68,6
DA:69,21
DA:70,21
DA:71,16
DA:72,25
DA:77,4
DA:80,4
DA:81,4
DA:82,4
DA:83,0
DA:86,4
DA:87,4
LF:34
LH:33
BRF:0
BRH:0
end_of_record
TN:
SF:src/components/Button.tsx
FN:29,(anonymous_0)
FNF:1
FNH:0
FNDA:0,(anonymous_0)
DA:29,5
DA:41,0
DA:50,0
DA:58,0
DA:79,5
LF:5
LH:2
BRDA:32,0,0,0
BRDA:33,1,0,0
BRDA:34,2,0,0
BRDA:35,3,0,0
BRDA:39,4,0,0
BRDA:45,5,0,0
BRDA:45,5,1,0
BRDA:46,6,0,0
BRDA:46,6,1,0
BRDA:54,7,0,0
BRDA:54,7,1,0
BRDA:62,8,0,0
BRDA:62,8,1,0
BRDA:65,9,0,0
BRDA:65,9,1,0
BRDA:67,10,0,0
BRDA:67,10,1,0
BRDA:67,11,0,0
BRDA:67,11,1,0
BRF:19
BRH:0
end_of_record
TN:
SF:src/components/Input.tsx
FN:28,(anonymous_0)
FN:66,(anonymous_1)
FNF:2
FNH:0
FNDA:0,(anonymous_0)
FNDA:0,(anonymous_1)
DA:28,20
DA:40,0
DA:42,0
DA:66,0
DA:83,20
LF:5
LH:2
BRDA:36,0,0,0
BRDA:44,1,0,0
BRDA:44,1,1,0
BRDA:44,1,2,0
BRDA:46,2,0,0
BRDA:46,2,1,0
BRDA:47,3,0,0
BRDA:47,3,1,0
BRDA:55,4,0,0
BRDA:55,4,1,0
BRDA:56,5,0,0
BRDA:56,5,1,0
BRDA:56,5,2,0
BRDA:58,6,0,0
BRDA:58,6,1,0
BRDA:63,7,0,0
BRDA:63,7,1,0
BRDA:69,8,0,0
BRDA:69,8,1,0
BRDA:77,9,0,0
BRDA:77,9,1,0
BRDA:78,10,0,0
BRDA:78,10,1,0
BRDA:78,10,2,0
BRF:24
BRH:0
end_of_record
TN:
SF:src/constants/index.ts
FNF:0
FNH:0
LF:0
LH:0
BRF:0
BRH:0
end_of_record
TN:
SF:src/constants/theme.ts
FNF:0
FNH:0
DA:6,9
DA:53,9
DA:68,9
DA:79,9
DA:87,9
LF:5
LH:5
BRF:0
BRH:0
end_of_record
TN:
SF:src/context/AuthContext.tsx
FN:33,(anonymous_0)
FN:45,(anonymous_1)
FN:49,(anonymous_2)
FN:50,(anonymous_3)
FN:54,(anonymous_4)
FN:60,(anonymous_5)
FN:72,(anonymous_6)
FN:87,(anonymous_7)
FN:98,(anonymous_8)
FN:110,(anonymous_9)
FN:132,(anonymous_10)
FN:155,(anonymous_11)
FNF:12
FNH:9
FNDA:34,(anonymous_0)
FNDA:39,(anonymous_1)
FNDA:0,(anonymous_2)
FNDA:0,(anonymous_3)
FNDA:0,(anonymous_4)
FNDA:12,(anonymous_5)
FNDA:5,(anonymous_6)
FNDA:4,(anonymous_7)
FNDA:4,(anonymous_8)
FNDA:3,(anonymous_9)
FNDA:3,(anonymous_10)
FNDA:3,(anonymous_11)
DA:31,7
DA:33,7
DA:34,34
DA:35,34
DA:36,0
DA:38,34
DA:45,7
DA:46,39
DA:47,39
DA:49,39
DA:50,0
DA:51,0
DA:52,0
DA:54,0
DA:60,39
DA:61,12
DA:62,12
DA:63,2
DA:65,10
DA:72,39
DA:73,5
DA:74,5
DA:75,2
DA:76,1
DA:78,2
DA:80,3
DA:87,39
DA:88,4
DA:89,4
DA:91,2
DA:98,39
DA:99,4
DA:100,4
DA:101,1
DA:103,3
DA:110,39
DA:111,3
DA:112,3
DA:113,3
DA:114,3
DA:116,3
DA:117,0
DA:121,0
DA:123,0
DA:125,3
DA:132,39
DA:133,3
DA:134,3
DA:135,3
DA:136,3
DA:138,3
DA:139,0
DA:141,0
DA:143,0
DA:145,3
DA:155,39
DA:156,3
DA:157,3
DA:158,3
DA:159,3
DA:160,3
DA:162,3
DA:163,0
DA:165,0
DA:167,0
DA:169,3
DA:173,39
LF:67
LH:53
BRDA:35,0,0,0
BRDA:35,0,1,34
BRDA:75,1,0,1
BRDA:75,1,1,1
BRDA:75,2,0,2
BRDA:75,2,1,2
BRDA:116,3,0,0
BRDA:116,3,1,0
BRDA:138,4,0,0
BRDA:138,4,1,0
BRDA:162,5,0,0
BRDA:162,5,1,0
BRF:12
BRH:5
end_of_record
TN:
SF:src/context/LanguageContext.tsx
FN:63,(anonymous_0)
FN:66,(anonymous_1)
FN:70,(anonymous_2)
FN:81,(anonymous_3)
FN:90,(anonymous_4)
FN:101,(anonymous_5)
FNF:6
FNH:1
FNDA:5,(anonymous_0)
FNDA:0,(anonymous_1)
FNDA:0,(anonymous_2)
FNDA:0,(anonymous_3)
FNDA:0,(anonymous_4)
FNDA:0,(anonymous_5)
DA:14,1
DA:59,1
DA:61,1
DA:63,1
DA:64,5
DA:66,5
DA:67,0
DA:70,5
DA:71,0
DA:72,0
DA:73,0
DA:74,0
DA:77,0
DA:81,5
DA:82,0
DA:83,0
DA:84,0
DA:86,0
DA:90,5
DA:91,0
DA:94,5
DA:101,1
DA:102,0
DA:103,0
DA:104,0
DA:106,0
LF:26
LH:11
BRDA:73,0,0,0
BRDA:73,0,1,0
BRDA:73,1,0,0
BRDA:73,1,1,0
BRDA:91,2,0,0
BRDA:91,2,1,0
BRDA:103,3,0,0
BRDA:103,3,1,0
BRF:8
BRH:0
end_of_record
TN:
SF:src/context/ThemeContext.tsx
FN:44,(anonymous_0)
FN:56,(anonymous_1)
FN:60,(anonymous_2)
FN:64,(anonymous_3)
FN:75,(anonymous_4)
FNF:5
FNH:1
FNDA:0,(anonymous_0)
FNDA:5,(anonymous_1)
FNDA:0,(anonymous_2)
FNDA:0,(anonymous_3)
FNDA:0,(anonymous_4)
DA:20,1
DA:31,1
DA:42,1
DA:44,1
DA:45,0
DA:46,0
DA:47,0
DA:49,0
DA:56,1
DA:57,5
DA:58,0
DA:60,0
DA:61,0
DA:64,0
DA:65,0
DA:66,0
DA:67,0
DA:68,0
DA:71,0
DA:75,0
DA:76,0
DA:77,0
DA:78,0
DA:79,0
DA:81,0
DA:85,0
DA:87,0
LF:27
LH:6
BRDA:46,0,0,0
BRDA:46,0,1,0
BRDA:67,1,0,0
BRDA:67,1,1,0
BRDA:79,2,0,0
BRDA:79,2,1,0
BRDA:85,3,0,0
BRDA:85,3,1,0
BRF:8
BRH:0
end_of_record
TN:
SF:src/lib/exportService.ts
FN:9,(anonymous_0)
FN:11,(anonymous_1)
FN:22,(anonymous_2)
FN:22,(anonymous_3)
FN:28,(anonymous_4)
FN:30,(anonymous_5)
FN:40,(anonymous_6)
FN:40,(anonymous_7)
FN:46,(anonymous_8)
FN:61,(anonymous_9)
FN:76,(anonymous_10)
FNF:11
FNH:11
FNDA:7,(anonymous_0)
FNDA:6,(anonymous_1)
FNDA:6,(anonymous_2)
FNDA:48,(anonymous_3)
FNDA:6,(anonymous_4)
FNDA:5,(anonymous_5)
FNDA:5,(anonymous_6)
FNDA:35,(anonymous_7)
FNDA:2,(anonymous_8)
FNDA:1,(anonymous_9)
FNDA:1,(anonymous_10)
DA:5,1
DA:10,7
DA:11,7
DA:22,48
DA:29,6
DA:30,6
DA:40,35
DA:47,2
DA:48,2
DA:49,2
DA:51,2
DA:53,2
DA:54,1
DA:62,1
DA:63,1
DA:64,1
DA:66,1
DA:68,1
DA:69,1
DA:77,1
DA:78,1
DA:79,1
DA:81,1
DA:83,1
DA:84,1
LF:25
LH:25
BRDA:15,0,0,6
BRDA:15,0,1,1
BRDA:16,1,0,6
BRDA:16,1,1,1
BRDA:17,2,0,6
BRDA:17,2,1,0
BRDA:18,3,0,6
BRDA:18,3,1,0
BRDA:19,4,0,6
BRDA:19,4,1,6
BRDA:32,5,0,5
BRDA:32,5,1,1
BRDA:33,6,0,5
BRDA:33,6,1,0
BRDA:37,7,0,5
BRDA:37,7,1,0
BRDA:53,8,0,1
BRDA:53,8,1,1
BRDA:68,9,0,1
BRDA:68,9,1,0
BRDA:83,10,0,1
BRDA:83,10,1,0
BRF:22
BRH:16
end_of_record
TN:
SF:src/lib/firebase.ts
FNF:0
FNH:0
DA:5,11
DA:18,11
DA:23,11
DA:28,11
LF:4
LH:4
BRDA:6,0,0,11
BRDA:6,0,1,11
BRDA:7,1,0,11
BRDA:7,1,1,11
BRDA:8,2,0,11
BRDA:8,2,1,11
BRDA:9,3,0,11
BRDA:9,3,1,11
BRDA:10,4,0,11
BRDA:10,4,1,11
BRDA:11,5,0,11
BRDA:11,5,1,11
BRDA:18,6,0,0
BRDA:18,6,1,11
BRF:14
BRH:13
end_of_record
TN:
SF:src/lib/firebaseDb.ts
FN:55,(anonymous_0)
FN:58,(anonymous_1)
FN:64,(anonymous_2)
FN:73,(anonymous_3)
FN:86,(anonymous_4)
FN:93,(anonymous_5)
FN:100,(anonymous_6)
FN:111,(anonymous_7)
FN:115,(anonymous_8)
FN:117,(anonymous_9)
FN:128,(anonymous_10)
FN:137,(anonymous_11)
FN:161,(anonymous_12)
FN:174,(anonymous_13)
FN:181,(anonymous_14)
FN:188,(anonymous_15)
FN:195,(anonymous_16)
FNF:17
FNH:17
FNDA:9,(anonymous_0)
FNDA:1,(anonymous_1)
FNDA:5,(anonymous_2)
FNDA:14,(anonymous_3)
FNDA:9,(anonymous_4)
FNDA:4,(anonymous_5)
FNDA:2,(anonymous_6)
FNDA:8,(anonymous_7)
FNDA:2,(anonymous_8)
FNDA:2,(anonymous_9)
FNDA:2,(anonymous_10)
FNDA:3,(anonymous_11)
FNDA:15,(anonymous_12)
FNDA:4,(anonymous_13)
FNDA:2,(anonymous_14)
FNDA:3,(anonymous_15)
FNDA:3,(anonymous_16)
DA:17,9
DA:18,9
DA:51,9
DA:56,9
DA:57,9
DA:58,2
DA:65,5
DA:66,2
DA:67,1
DA:74,14
DA:79,10
DA:80,9
DA:87,9
DA:94,4
DA:101,2
DA:102,2
DA:103,2
DA:107,9
DA:112,8
DA:113,8
DA:115,3
DA:117,3
DA:118,3
DA:120,3
DA:121,2
DA:122,2
DA:123,2
DA:124,1
DA:128,3
DA:138,3
DA:139,3
DA:141,2
DA:142,2
DA:143,2
DA:144,2
DA:145,2
DA:146,2
DA:147,1
DA:151,2
DA:162,15
DA:167,13
DA:168,13
DA:175,4
DA:182,2
DA:189,3
DA:190,3
DA:192,3
DA:193,3
DA:195,3
DA:196,3
DA:197,3
DA:198,3
DA:201,3
LF:53
LH:53
BRDA:66,0,0,1
BRDA:66,0,1,1
BRDA:123,1,0,1
BRDA:123,1,1,1
BRDA:123,2,0,2
BRDA:123,2,1,1
BRDA:130,3,0,2
BRDA:130,3,1,0
BRDA:130,4,0,2
BRDA:130,4,1,1
BRDA:139,5,0,1
BRDA:139,5,1,2
BRDA:143,6,0,2
BRDA:143,6,1,0
BRDA:146,7,0,1
BRDA:146,7,1,1
BRDA:146,8,0,2
BRDA:146,8,1,1
BRDA:197,9,0,3
BRDA:197,9,1,1
BRDA:198,10,0,3
BRDA:198,10,1,1
BRF:22
BRH:20
end_of_record
TN:
SF:src/lib/offlineService.ts
FN:9,(anonymous_0)
FN:18,(anonymous_1)
FN:28,(anonymous_2)
FN:37,(anonymous_3)
FN:47,(anonymous_4)
FN:57,(anonymous_5)
FN:69,(anonymous_6)
FNF:7
FNH:7
FNDA:2,(anonymous_0)
FNDA:3,(anonymous_1)
FNDA:2,(anonymous_2)
FNDA:2,(anonymous_3)
FNDA:7,(anonymous_4)
FNDA:1,(anonymous_5)
FNDA:5,(anonymous_6)
DA:4,1
DA:5,1
DA:6,1
DA:8,1
DA:10,2
DA:11,2
DA:12,2
DA:14,0
DA:19,3
DA:20,3
DA:21,2
DA:23,1
DA:24,1
DA:29,2
DA:30,2
DA:31,2
DA:33,0
DA:38,2
DA:39,2
DA:40,2
DA:42,0
DA:43,0
DA:48,7
DA:49,7
DA:50,7
DA:52,0
DA:53,0
DA:58,1
DA:59,1
DA:65,0
DA:70,5
DA:71,5
DA:72,4
LF:33
LH:26
BRDA:21,0,0,1
BRDA:21,0,1,1
BRDA:40,1,0,1
BRDA:40,1,1,1
BRDA:50,2,0,5
BRDA:50,2,1,2
BRDA:69,3,0,3
BRDA:71,4,0,1
BRDA:71,4,1,4
BRF:9
BRH:9
end_of_record
TN:
SF:src/screens/harvest/HarvestScreen.tsx
FN:18,(anonymous_0)
FN:27,(anonymous_1)
FN:44,(anonymous_2)
FN:48,(anonymous_3)
FN:54,(anonymous_4)
FN:56,(anonymous_5)
FN:57,(anonymous_6)
FN:71,(anonymous_7)
FN:125,(anonymous_8)
FN:136,(anonymous_9)
FN:200,(anonymous_10)
FNF:11
FNH:0
FNDA:0,(anonymous_0)
FNDA:0,(anonymous_1)
FNDA:0,(anonymous_2)
FNDA:0,(anonymous_3)
FNDA:0,(anonymous_4)
FNDA:0,(anonymous_5)
FNDA:0,(anonymous_6)
FNDA:0,(anonymous_7)
FNDA:0,(anonymous_8)
FNDA:0,(anonymous_9)
FNDA:0,(anonymous_10)
DA:18,3
DA:19,0
DA:20,0
DA:21,0
DA:22,0
DA:23,0
DA:24,0
DA:25,0
DA:27,0
DA:28,0
DA:29,0
DA:30,0
DA:31,0
DA:33,0
DA:34,0
DA:35,0
DA:37,0
DA:38,0
DA:40,0
DA:44,0
DA:45,0
DA:48,0
DA:49,0
DA:50,0
DA:51,0
DA:54,0
DA:56,0
DA:57,0
DA:59,0
DA:71,0
DA:126,0
DA:127,0
DA:128,0
DA:129,0
DA:130,0
DA:132,0
DA:136,0
DA:200,0
DA:209,3
LF:39
LH:2
BRDA:28,0,0,0
BRDA:28,0,1,0
BRDA:56,1,0,0
BRDA:56,1,1,0
BRDA:57,2,0,0
BRDA:57,2,1,0
BRDA:116,3,0,0
BRDA:116,3,1,0
BRDA:126,4,0,0
BRDA:126,4,1,0
BRDA:129,5,0,0
BRDA:129,5,1,0
BRDA:149,6,0,0
BRDA:149,6,1,0
BRDA:151,7,0,0
BRDA:151,7,1,0
BRDA:153,8,0,0
BRDA:153,8,1,0
BRDA:159,9,0,0
BRDA:159,9,1,0
BRDA:167,10,0,0
BRDA:167,10,1,0
BRF:22
BRH:0
end_of_record
TN:
SF:src/screens/home/HomeScreen.tsx
FN:19,(anonymous_0)
FN:30,(anonymous_1)
FN:51,(anonymous_2)
FN:55,(anonymous_3)
FN:61,(anonymous_4)
FN:62,(anonymous_5)
FN:86,(anonymous_6)
FN:138,(anonymous_7)
FN:150,(anonymous_8)
FN:170,(anonymous_9)
FN:185,(anonymous_10)
FN:194,(anonymous_11)
FNF:12
FNH:0
FNDA:0,(anonymous_0)
FNDA:0,(anonymous_1)
FNDA:0,(anonymous_2)
FNDA:0,(anonymous_3)
FNDA:0,(anonymous_4)
FNDA:0,(anonymous_5)
FNDA:0,(anonymous_6)
FNDA:0,(anonymous_7)
FNDA:0,(anonymous_8)
FNDA:0,(anonymous_9)
FNDA:0,(anonymous_10)
FNDA:0,(anonymous_11)
DA:16,3
DA:17,3
DA:19,3
DA:20,0
DA:21,0
DA:22,0
DA:23,0
DA:30,0
DA:31,0
DA:32,0
DA:33,0
DA:39,0
DA:45,0
DA:47,0
DA:51,0
DA:52,0
DA:55,0
DA:56,0
DA:57,0
DA:58,0
DA:61,0
DA:62,0
DA:63,0
DA:64,0
DA:65,0
DA:67,0
DA:69,0
DA:86,0
DA:139,0
DA:150,0
DA:170,0
DA:186,0
DA:195,0
DA:196,0
DA:197,0
DA:198,0
DA:200,0
DA:228,3
LF:38
LH:4
BRDA:31,0,0,0
BRDA:31,0,1,0
BRDA:63,1,0,0
BRDA:63,1,1,0
BRDA:64,2,0,0
BRDA:64,2,1,0
BRDA:67,3,0,0
BRDA:67,3,1,0
BRDA:67,3,2,0
BRDA:103,4,0,0
BRDA:103,4,1,0
BRDA:105,5,0,0
BRDA:105,5,1,0
BRDA:164,6,0,0
BRDA:164,6,1,0
BRDA:169,7,0,0
BRDA:169,7,1,0
BRDA:176,8,0,0
BRDA:176,8,1,0
BRDA:195,9,0,0
BRDA:195,9,1,0
BRDA:198,10,0,0
BRDA:198,10,1,0
BRDA:201,11,0,0
BRDA:201,11,1,0
BRDA:208,12,0,0
BRDA:208,12,1,0
BRDA:211,13,0,0
BRDA:211,13,1,0
BRDA:215,14,0,0
BRDA:215,14,1,0
BRF:31
BRH:0
end_of_record
TN:
SF:src/screens/price/PriceScreen.tsx
FN:9,(anonymous_0)
FN:16,(anonymous_1)
FN:25,(anonymous_2)
FN:39,(anonymous_3)
FN:45,(anonymous_4)
FN:51,(anonymous_5)
FN:55,(anonymous_6)
FN:61,(anonymous_7)
FN:66,(anonymous_8)
FN:67,(anonymous_9)
FN:73,(anonymous_10)
FN:176,(anonymous_11)
FNF:12
FNH:0
FNDA:0,(anonymous_0)
FNDA:0,(anonymous_1)
FNDA:0,(anonymous_2)
FNDA:0,(anonymous_3)
FNDA:0,(anonymous_4)
FNDA:0,(anonymous_5)
FNDA:0,(anonymous_6)
FNDA:0,(anonymous_7)
FNDA:0,(anonymous_8)
FNDA:0,(anonymous_9)
FNDA:0,(anonymous_10)
FNDA:0,(anonymous_11)
DA:9,3
DA:10,0
DA:11,0
DA:12,0
DA:13,0
DA:14,0
DA:16,0
DA:17,0
DA:18,0
DA:19,0
DA:25,0
DA:31,0
DA:37,0
DA:38,0
DA:39,0
DA:40,0
DA:41,0
DA:42,0
DA:45,0
DA:47,0
DA:51,0
DA:52,0
DA:55,0
DA:56,0
DA:57,0
DA:58,0
DA:61,0
DA:66,0
DA:67,0
DA:68,0
DA:70,0
DA:74,0
DA:75,0
DA:76,0
DA:98,0
DA:102,0
DA:177,0
DA:201,3
LF:38
LH:2
BRDA:17,0,0,0
BRDA:17,0,1,0
BRDA:26,1,0,0
BRDA:26,1,1,0
BRDA:27,2,0,0
BRDA:27,2,1,0
BRDA:28,3,0,0
BRDA:28,3,1,0
BRDA:40,4,0,0
BRDA:40,4,1,0
BRDA:42,5,0,0
BRDA:42,5,1,0
BRDA:74,6,0,0
BRDA:74,6,1,0
BRDA:75,7,0,0
BRDA:75,7,1,0
BRDA:83,8,0,0
BRDA:83,8,1,0
BRDA:84,9,0,0
BRDA:84,9,1,0
BRDA:98,10,0,0
BRDA:98,10,1,0
BRDA:133,11,0,0
BRDA:133,11,1,0
BRDA:158,12,0,0
BRDA:158,12,1,0
BRDA:164,13,0,0
BRDA:164,13,1,0
BRDA:177,14,0,0
BRDA:177,14,1,0
BRDA:190,15,0,0
BRDA:190,15,1,0
BRF:32
BRH:0
end_of_record
TN:
SF:src/screens/profile/ProfileScreen.tsx
FN:21,(anonymous_0)
FN:29,(anonymous_1)
FN:45,(anonymous_2)
FN:49,(anonymous_3)
FN:55,(anonymous_4)
FN:64,(anonymous_5)
FN:73,(anonymous_6)
FN:74,(anonymous_7)
FN:75,(anonymous_8)
FN:79,(anonymous_9)
FN:80,(anonymous_10)
FN:81,(anonymous_11)
FN:84,(anonymous_12)
FN:113,(anonymous_13)
FN:121,(anonymous_14)
FNF:15
FNH:0
FNDA:0,(anonymous_0)
FNDA:0,(anonymous_1)
FNDA:0,(anonymous_2)
FNDA:0,(anonymous_3)
FNDA:0,(anonymous_4)
FNDA:0,(anonymous_5)
FNDA:0,(anonymous_6)
FNDA:0,(anonymous_7)
FNDA:0,(anonymous_8)
FNDA:0,(anonymous_9)
FNDA:0,(anonymous_10)
FNDA:0,(anonymous_11)
FNDA:0,(anonymous_12)
FNDA:0,(anonymous_13)
FNDA:0,(anonymous_14)
DA:10,3
DA:21,3
DA:22,0
DA:23,0
DA:24,0
DA:25,0
DA:26,0
DA:27,0
DA:29,0
DA:30,0
DA:31,0
DA:32,0
DA:37,0
DA:38,0
DA:39,0
DA:41,0
DA:45,0
DA:46,0
DA:49,0
DA:50,0
DA:51,0
DA:52,0
DA:55,0
DA:56,0
DA:65,0
DA:72,0
DA:75,0
DA:78,0
DA:79,0
DA:80,0
DA:81,0
DA:84,0
DA:85,0
DA:111,0
DA:112,0
DA:113,0
DA:115,0
DA:121,0
DA:204,3
DA:205,3
DA:207,3
LF:41
LH:5
BRDA:30,0,0,0
BRDA:30,0,1,0
BRDA:91,1,0,0
BRDA:91,1,1,0
BRDA:95,2,0,0
BRDA:95,2,1,0
BRDA:99,3,0,0
BRDA:99,3,1,0
BRDA:102,4,0,0
BRDA:102,4,1,0
BRDA:105,5,0,0
BRDA:105,5,1,0
BRDA:111,6,0,0
BRDA:111,6,1,0
BRDA:111,6,2,0
BRDA:112,7,0,0
BRDA:112,7,1,0
BRDA:143,8,0,0
BRDA:143,8,1,0
BRDA:164,9,0,0
BRDA:164,9,1,0
BRF:21
BRH:0
end_of_record
